<?xml version="1.0" encoding="UTF-8"?>
<testsuite name="com.vole.film.FilmApplicationTests" time="0.028" tests="1" errors="1" skipped="0" failures="0">
  <properties>
[...]
</properties>
  <testcase name="contextLoads" classname="com.vole.film.FilmApplicationTests" time="0.028">
    <error message="Failed to load ApplicationContext" type="java.lang.IllegalStateException">java.lang.IllegalStateException: Failed to load ApplicationContext
	at org.springframework.test.context.cache.DefaultCacheAwareContextLoaderDelegate.loadContext(DefaultCacheAwareContextLoaderDelegate.java:124)
	at org.springframework.test.context.support.DefaultTestContext.getApplicationContext(DefaultTestContext.java:83)
	at org.springframework.test.context.web.ServletTestExecutionListener.setUpRequestContextIfNecessary(ServletTestExecutionListener.java:189)
	at org.springframework.test.context.web.ServletTestExecutionListener.prepareTestInstance(ServletTestExecutionListener.java:131)
	at org.springframework.test.context.TestContextManager.prepareTestInstance(TestContextManager.java:230)
	at org.springframework.test.context.junit4.SpringJUnit4ClassRunner.createTest(SpringJUnit4ClassRunner.java:228)
	at org.springframework.test.context.junit4.SpringJUnit4ClassRunner$1.runReflectiveCall(SpringJUnit4ClassRunner.java:287)
	at org.junit.internal.runners.model.ReflectiveCallable.run(ReflectiveCallable.java:12)
	at org.springframework.test.context.junit4.SpringJUnit4ClassRunner.methodBlock(SpringJUnit4ClassRunner.java:289)
	at org.springframework.test.context.junit4.SpringJUnit4ClassRunner.runChild(SpringJUnit4ClassRunner.java:247)
	at org.springframework.test.context.junit4.SpringJUnit4ClassRunner.runChild(SpringJUnit4ClassRunner.java:94)
	at org.junit.runners.ParentRunner$3.run(ParentRunner.java:290)
	at org.junit.runners.ParentRunner$1.schedule(ParentRunner.java:71)
	at org.junit.runners.ParentRunner.runChildren(ParentRunner.java:288)
	at org.junit.runners.ParentRunner.access$000(ParentRunner.java:58)
	at org.junit.runners.ParentRunner$2.evaluate(ParentRunner.java:268)
	at org.springframework.test.context.junit4.statements.RunBeforeTestClassCallbacks.evaluate(RunBeforeTestClassCallbacks.java:61)
	at org.springframework.test.context.junit4.statements.RunAfterTestClassCallbacks.evaluate(RunAfterTestClassCallbacks.java:70)
	at org.junit.runners.ParentRunner.run(ParentRunner.java:363)
	at org.springframework.test.context.junit4.SpringJUnit4ClassRunner.run(SpringJUnit4ClassRunner.java:191)
	at org.apache.maven.surefire.junit4.JUnit4Provider.execute(JUnit4Provider.java:283)
	at org.apache.maven.surefire.junit4.JUnit4Provider.executeWithRerun(JUnit4Provider.java:173)
	at org.apache.maven.surefire.junit4.JUnit4Provider.executeTestSet(JUnit4Provider.java:153)
	at org.apache.maven.surefire.junit4.JUnit4Provider.invoke(JUnit4Provider.java:128)
	at org.apache.maven.surefire.booter.ForkedBooter.invokeProviderInSameClassLoader(ForkedBooter.java:203)
	at org.apache.maven.surefire.booter.ForkedBooter.runSuitesInProcess(ForkedBooter.java:155)
	at org.apache.maven.surefire.booter.ForkedBooter.main(ForkedBooter.java:103)
Caused by: java.lang.IllegalStateException: Failed to execute CommandLineRunner
	at org.springframework.boot.SpringApplication.callRunner(SpringApplication.java:735)
	at org.springframework.boot.SpringApplication.callRunners(SpringApplication.java:716)
	at org.springframework.boot.SpringApplication.afterRefresh(SpringApplication.java:703)
	at org.springframework.boot.SpringApplication.run(SpringApplication.java:304)
	at org.springframework.boot.test.context.SpringBootContextLoader.loadContext(SpringBootContextLoader.java:120)
	at org.springframework.test.context.cache.DefaultCacheAwareContextLoaderDelegate.loadContextInternal(DefaultCacheAwareContextLoaderDelegate.java:98)
	at org.springframework.test.context.cache.DefaultCacheAwareContextLoaderDelegate.loadContext(DefaultCacheAwareContextLoaderDelegate.java:116)
	at org.springframework.test.context.support.DefaultTestContext.getApplicationContext(DefaultTestContext.java:83)
	at org.springframework.test.context.web.ServletTestExecutionListener.setUpRequestContextIfNecessary(ServletTestExecutionListener.java:189)
	at org.springframework.test.context.web.ServletTestExecutionListener.prepareTestInstance(ServletTestExecutionListener.java:131)
	at org.springframework.test.context.TestContextManager.prepareTestInstance(TestContextManager.java:230)
	at org.springframework.test.context.junit4.SpringJUnit4ClassRunner.createTest(SpringJUnit4ClassRunner.java:228)
	at org.springframework.test.context.junit4.SpringJUnit4ClassRunner$1.runReflectiveCall(SpringJUnit4ClassRunner.java:287)
	at org.junit.internal.runners.model.ReflectiveCallable.run(ReflectiveCallable.java:12)
	at org.springframework.test.context.junit4.SpringJUnit4ClassRunner.methodBlock(SpringJUnit4ClassRunner.java:289)
	at org.springframework.test.context.junit4.SpringJUnit4ClassRunner.runChild(SpringJUnit4ClassRunner.java:247)
	at org.springframework.test.context.junit4.SpringJUnit4ClassRunner.runChild(SpringJUnit4ClassRunner.java:94)
	at org.junit.runners.ParentRunner$3.run(ParentRunner.java:290)
	at org.junit.runners.ParentRunner$1.schedule(ParentRunner.java:71)
	at org.junit.runners.ParentRunner.runChildren(ParentRunner.java:288)
	at org.junit.runners.ParentRunner.access$000(ParentRunner.java:58)
	at org.junit.runners.ParentRunner$2.evaluate(ParentRunner.java:268)
	at org.springframework.test.context.junit4.statements.RunBeforeTestClassCallbacks.evaluate(RunBeforeTestClassCallbacks.java:61)
	at org.springframework.test.context.junit4.statements.RunAfterTestClassCallbacks.evaluate(RunAfterTestClassCallbacks.java:70)
	at org.junit.runners.ParentRunner.run(ParentRunner.java:363)
	at org.springframework.test.context.junit4.SpringJUnit4ClassRunner.run(SpringJUnit4ClassRunner.java:191)
	at org.apache.maven.surefire.junit4.JUnit4Provider.execute(JUnit4Provider.java:283)
	at org.apache.maven.surefire.junit4.JUnit4Provider.executeWithRerun(JUnit4Provider.java:173)
	at org.apache.maven.surefire.junit4.JUnit4Provider.executeTestSet(JUnit4Provider.java:153)
	at org.apache.maven.surefire.junit4.JUnit4Provider.invoke(JUnit4Provider.java:128)
	at org.apache.maven.surefire.booter.ForkedBooter.invokeProviderInSameClassLoader(ForkedBooter.java:203)
	at org.apache.maven.surefire.booter.ForkedBooter.runSuitesInProcess(ForkedBooter.java:155)
	at org.apache.maven.surefire.booter.ForkedBooter.main(ForkedBooter.java:103)
Caused by: java.lang.NullPointerException: null
	at com.vole.film.run.StartupRunner.loadData(StartupRunner.java:58)
	at com.vole.film.run.StartupRunner.run(StartupRunner.java:51)
	at org.springframework.boot.SpringApplication.callRunner(SpringApplication.java:732)
	at org.springframework.boot.SpringApplication.callRunners(SpringApplication.java:716)
	at org.springframework.boot.SpringApplication.afterRefresh(SpringApplication.java:703)
	at org.springframework.boot.SpringApplication.run(SpringApplication.java:304)
	at org.springframework.boot.test.context.SpringBootContextLoader.loadContext(SpringBootContextLoader.java:120)
	at org.springframework.test.context.cache.DefaultCacheAwareContextLoaderDelegate.loadContextInternal(DefaultCacheAwareContextLoaderDelegate.java:98)
	at org.springframework.test.context.cache.DefaultCacheAwareContextLoaderDelegate.loadContext(DefaultCacheAwareContextLoaderDelegate.java:116)
	at org.springframework.test.context.support.DefaultTestContext.getApplicationContext(DefaultTestContext.java:83)
	at org.springframework.test.context.web.ServletTestExecutionListener.setUpRequestContextIfNecessary(ServletTestExecutionListener.java:189)
	at org.springframework.test.context.web.ServletTestExecutionListener.prepareTestInstance(ServletTestExecutionListener.java:131)
	at org.springframework.test.context.TestContextManager.prepareTestInstance(TestContextManager.java:230)
	at org.springframework.test.context.junit4.SpringJUnit4ClassRunner.createTest(SpringJUnit4ClassRunner.java:228)
	at org.springframework.test.context.junit4.SpringJUnit4ClassRunner$1.runReflectiveCall(SpringJUnit4ClassRunner.java:287)
	at org.junit.internal.runners.model.ReflectiveCallable.run(ReflectiveCallable.java:12)
	at org.springframework.test.context.junit4.SpringJUnit4ClassRunner.methodBlock(SpringJUnit4ClassRunner.java:289)
	at org.springframework.test.context.junit4.SpringJUnit4ClassRunner.runChild(SpringJUnit4ClassRunner.java:247)
	at org.springframework.test.context.junit4.SpringJUnit4ClassRunner.runChild(SpringJUnit4ClassRunner.java:94)
	at org.junit.runners.ParentRunner$3.run(ParentRunner.java:290)
	at org.junit.runners.ParentRunner$1.schedule(ParentRunner.java:71)
	at org.junit.runners.ParentRunner.runChildren(ParentRunner.java:288)
	at org.junit.runners.ParentRunner.access$000(ParentRunner.java:58)
	at org.junit.runners.ParentRunner$2.evaluate(ParentRunner.java:268)
	at org.springframework.test.context.junit4.statements.RunBeforeTestClassCallbacks.evaluate(RunBeforeTestClassCallbacks.java:61)
	at org.springframework.test.context.junit4.statements.RunAfterTestClassCallbacks.evaluate(RunAfterTestClassCallbacks.java:70)
	at org.junit.runners.ParentRunner.run(ParentRunner.java:363)
	at org.springframework.test.context.junit4.SpringJUnit4ClassRunner.run(SpringJUnit4ClassRunner.java:191)
	at org.apache.maven.surefire.junit4.JUnit4Provider.execute(JUnit4Provider.java:283)
	at org.apache.maven.surefire.junit4.JUnit4Provider.executeWithRerun(JUnit4Provider.java:173)
	at org.apache.maven.surefire.junit4.JUnit4Provider.executeTestSet(JUnit4Provider.java:153)
	at org.apache.maven.surefire.junit4.JUnit4Provider.invoke(JUnit4Provider.java:128)
	at org.apache.maven.surefire.booter.ForkedBooter.invokeProviderInSameClassLoader(ForkedBooter.java:203)
	at org.apache.maven.surefire.booter.ForkedBooter.runSuitesInProcess(ForkedBooter.java:155)
	at org.apache.maven.surefire.booter.ForkedBooter.main(ForkedBooter.java:103)
</error>
    <system-out><![CDATA[16:47:57.088 [main] DEBUG org.springframework.test.context.junit4.SpringJUnit4ClassRunner - SpringJUnit4ClassRunner constructor called with [class com.vole.film.FilmApplicationTests]
16:47:57.101 [main] DEBUG org.springframework.test.context.BootstrapUtils - Instantiating CacheAwareContextLoaderDelegate from class [org.springframework.test.context.cache.DefaultCacheAwareContextLoaderDelegate]
16:47:57.136 [main] DEBUG org.springframework.test.context.BootstrapUtils - Instantiating BootstrapContext using constructor [public org.springframework.test.context.support.DefaultBootstrapContext(java.lang.Class,org.springframework.test.context.CacheAwareContextLoaderDelegate)]
16:47:57.197 [main] DEBUG org.springframework.test.context.BootstrapUtils - Instantiating TestContextBootstrapper for test class [com.vole.film.FilmApplicationTests] from class [org.springframework.boot.test.context.SpringBootTestContextBootstrapper]
16:47:57.232 [main] INFO org.springframework.boot.test.context.SpringBootTestContextBootstrapper - Neither @ContextConfiguration nor @ContextHierarchy found for test class [com.vole.film.FilmApplicationTests], using SpringBootContextLoader
16:47:57.268 [main] DEBUG org.springframework.test.context.support.AbstractContextLoader - Did not detect default resource location for test class [com.vole.film.FilmApplicationTests]: class path resource [com/vole/film/FilmApplicationTests-context.xml] does not exist
16:47:57.317 [main] DEBUG org.springframework.test.context.support.AbstractContextLoader - Did not detect default resource location for test class [com.vole.film.FilmApplicationTests]: class path resource [com/vole/film/FilmApplicationTestsContext.groovy] does not exist
16:47:57.317 [main] INFO org.springframework.test.context.support.AbstractContextLoader - Could not detect default resource locations for test class [com.vole.film.FilmApplicationTests]: no resource found for suffixes {-context.xml, Context.groovy}.
16:47:57.401 [main] INFO org.springframework.test.context.support.AnnotationConfigContextLoaderUtils - Could not detect default configuration classes for test class [com.vole.film.FilmApplicationTests]: FilmApplicationTests does not declare any static, non-private, non-final, nested classes annotated with @Configuration.
16:47:57.549 [main] DEBUG org.springframework.test.context.support.ActiveProfilesUtils - Could not find an 'annotation declaring class' for annotation type [org.springframework.test.context.ActiveProfiles] and class [com.vole.film.FilmApplicationTests]
16:47:57.595 [main] DEBUG org.springframework.core.env.StandardEnvironment - Adding PropertySource 'systemProperties' with lowest search precedence
16:47:57.601 [main] DEBUG org.springframework.core.env.StandardEnvironment - Adding PropertySource 'systemEnvironment' with lowest search precedence
16:47:57.631 [main] DEBUG org.springframework.core.env.StandardEnvironment - Initialized StandardEnvironment with PropertySources [MapPropertySource@110771485 {name='systemProperties', properties={java.runtime.name=Java(TM) SE Runtime Environment, sun.boot.library.path=/Library/Java/JavaVirtualMachines/jdk1.8.0_40.jdk/Contents/Home/jre/lib, java.vm.version=25.40-b25, gopherProxySet=false, java.vm.vendor=Oracle Corporation, java.vendor.url=http://java.oracle.com/, path.separator=:, java.vm.name=Java HotSpot(TM) 64-Bit Server VM, file.encoding.pkg=sun.io, user.country=CN, sun.java.launcher=SUN_STANDARD, sun.os.patch.level=unknown, java.vm.specification.name=Java Virtual Machine Specification, user.dir=/Users/zhouli/mygithub/springtest/Film, java.runtime.version=1.8.0_40-b27, basedir=/Users/zhouli/mygithub/springtest/Film, java.awt.graphicsenv=sun.awt.CGraphicsEnvironment, java.endorsed.dirs=/Library/Java/JavaVirtualMachines/jdk1.8.0_40.jdk/Contents/Home/jre/lib/endorsed, os.arch=x86_64, surefire.real.class.path=/Users/zhouli/mygithub/springtest/Film/target/surefire/surefirebooter3084578879316699975.jar, java.io.tmpdir=/var/folders/hd/0yj0bj5d31g0nxdx2gqtksbc0000gn/T/, line.separator=
, java.vm.specification.vendor=Oracle Corporation, os.name=Mac OS X, sun.jnu.encoding=UTF-8, java.library.path=/Users/zhouli/Library/Java/Extensions:/Library/Java/Extensions:/Network/Library/Java/Extensions:/System/Library/Java/Extensions:/usr/lib/java:., surefire.test.class.path=/Users/zhouli/mygithub/springtest/Film/target/test-classes:/Users/zhouli/mygithub/springtest/Film/target/classes:/Users/zhouli/.m2/repository/org/springframework/boot/spring-boot-starter-data-jpa/1.5.12.RELEASE/spring-boot-starter-data-jpa-1.5.12.RELEASE.jar:/Users/zhouli/.m2/repository/org/springframework/boot/spring-boot-starter/1.5.12.RELEASE/spring-boot-starter-1.5.12.RELEASE.jar:/Users/zhouli/.m2/repository/org/springframework/boot/spring-boot-starter-logging/1.5.12.RELEASE/spring-boot-starter-logging-1.5.12.RELEASE.jar:/Users/zhouli/.m2/repository/ch/qos/logback/logback-classic/1.1.11/logback-classic-1.1.11.jar:/Users/zhouli/.m2/repository/ch/qos/logback/logback-core/1.1.11/logback-core-1.1.11.jar:/Users/zhouli/.m2/repository/org/slf4j/jul-to-slf4j/1.7.25/jul-to-slf4j-1.7.25.jar:/Users/zhouli/.m2/repository/org/slf4j/log4j-over-slf4j/1.7.25/log4j-over-slf4j-1.7.25.jar:/Users/zhouli/.m2/repository/org/yaml/snakeyaml/1.17/snakeyaml-1.17.jar:/Users/zhouli/.m2/repository/org/springframework/boot/spring-boot-starter-aop/1.5.12.RELEASE/spring-boot-starter-aop-1.5.12.RELEASE.jar:/Users/zhouli/.m2/repository/org/aspectj/aspectjweaver/1.8.13/aspectjweaver-1.8.13.jar:/Users/zhouli/.m2/repository/org/springframework/boot/spring-boot-starter-jdbc/1.5.12.RELEASE/spring-boot-starter-jdbc-1.5.12.RELEASE.jar:/Users/zhouli/.m2/repository/org/apache/tomcat/tomcat-jdbc/8.5.29/tomcat-jdbc-8.5.29.jar:/Users/zhouli/.m2/repository/org/apache/tomcat/tomcat-juli/8.5.29/tomcat-juli-8.5.29.jar:/Users/zhouli/.m2/repository/org/springframework/spring-jdbc/4.3.16.RELEASE/spring-jdbc-4.3.16.RELEASE.jar:/Users/zhouli/.m2/repository/org/hibernate/hibernate-core/5.0.12.Final/hibernate-core-5.0.12.Final.jar:/Users/zhouli/.m2/repository/org/jboss/logging/jboss-logging/3.3.2.Final/jboss-logging-3.3.2.Final.jar:/Users/zhouli/.m2/repository/org/hibernate/javax/persistence/hibernate-jpa-2.1-api/1.0.0.Final/hibernate-jpa-2.1-api-1.0.0.Final.jar:/Users/zhouli/.m2/repository/org/javassist/javassist/3.21.0-GA/javassist-3.21.0-GA.jar:/Users/zhouli/.m2/repository/antlr/antlr/2.7.7/antlr-2.7.7.jar:/Users/zhouli/.m2/repository/org/jboss/jandex/2.0.0.Final/jandex-2.0.0.Final.jar:/Users/zhouli/.m2/repository/dom4j/dom4j/1.6.1/dom4j-1.6.1.jar:/Users/zhouli/.m2/repository/org/hibernate/common/hibernate-commons-annotations/5.0.1.Final/hibernate-commons-annotations-5.0.1.Final.jar:/Users/zhouli/.m2/repository/org/hibernate/hibernate-entitymanager/5.0.12.Final/hibernate-entitymanager-5.0.12.Final.jar:/Users/zhouli/.m2/repository/javax/transaction/javax.transaction-api/1.2/javax.transaction-api-1.2.jar:/Users/zhouli/.m2/repository/org/springframework/data/spring-data-jpa/1.11.11.RELEASE/spring-data-jpa-1.11.11.RELEASE.jar:/Users/zhouli/.m2/repository/org/springframework/data/spring-data-commons/1.13.11.RELEASE/spring-data-commons-1.13.11.RELEASE.jar:/Users/zhouli/.m2/repository/org/springframework/spring-orm/4.3.16.RELEASE/spring-orm-4.3.16.RELEASE.jar:/Users/zhouli/.m2/repository/org/springframework/spring-context/4.3.16.RELEASE/spring-context-4.3.16.RELEASE.jar:/Users/zhouli/.m2/repository/org/springframework/spring-tx/4.3.16.RELEASE/spring-tx-4.3.16.RELEASE.jar:/Users/zhouli/.m2/repository/org/springframework/spring-beans/4.3.16.RELEASE/spring-beans-4.3.16.RELEASE.jar:/Users/zhouli/.m2/repository/org/slf4j/slf4j-api/1.7.25/slf4j-api-1.7.25.jar:/Users/zhouli/.m2/repository/org/slf4j/jcl-over-slf4j/1.7.25/jcl-over-slf4j-1.7.25.jar:/Users/zhouli/.m2/repository/org/springframework/spring-aspects/4.3.16.RELEASE/spring-aspects-4.3.16.RELEASE.jar:/Users/zhouli/.m2/repository/org/springframework/boot/spring-boot-starter-security/1.5.12.RELEASE/spring-boot-starter-security-1.5.12.RELEASE.jar:/Users/zhouli/.m2/repository/org/springframework/spring-aop/4.3.16.RELEASE/spring-aop-4.3.16.RELEASE.jar:/Users/zhouli/.m2/repository/org/springframework/security/spring-security-config/4.2.5.RELEASE/spring-security-config-4.2.5.RELEASE.jar:/Users/zhouli/.m2/repository/org/springframework/security/spring-security-web/4.2.5.RELEASE/spring-security-web-4.2.5.RELEASE.jar:/Users/zhouli/.m2/repository/org/springframework/spring-expression/4.3.16.RELEASE/spring-expression-4.3.16.RELEASE.jar:/Users/zhouli/.m2/repository/org/springframework/boot/spring-boot-starter-thymeleaf/1.5.12.RELEASE/spring-boot-starter-thymeleaf-1.5.12.RELEASE.jar:/Users/zhouli/.m2/repository/org/thymeleaf/thymeleaf-spring4/2.1.6.RELEASE/thymeleaf-spring4-2.1.6.RELEASE.jar:/Users/zhouli/.m2/repository/org/thymeleaf/thymeleaf/2.1.6.RELEASE/thymeleaf-2.1.6.RELEASE.jar:/Users/zhouli/.m2/repository/ognl/ognl/3.0.8/ognl-3.0.8.jar:/Users/zhouli/.m2/repository/org/unbescape/unbescape/1.1.0.RELEASE/unbescape-1.1.0.RELEASE.jar:/Users/zhouli/.m2/repository/nz/net/ultraq/thymeleaf/thymeleaf-layout-dialect/1.4.0/thymeleaf-layout-dialect-1.4.0.jar:/Users/zhouli/.m2/repository/org/codehaus/groovy/groovy/2.4.15/groovy-2.4.15.jar:/Users/zhouli/.m2/repository/org/springframework/boot/spring-boot-starter-web/1.5.12.RELEASE/spring-boot-starter-web-1.5.12.RELEASE.jar:/Users/zhouli/.m2/repository/org/springframework/boot/spring-boot-starter-tomcat/1.5.12.RELEASE/spring-boot-starter-tomcat-1.5.12.RELEASE.jar:/Users/zhouli/.m2/repository/org/apache/tomcat/embed/tomcat-embed-core/8.5.29/tomcat-embed-core-8.5.29.jar:/Users/zhouli/.m2/repository/org/apache/tomcat/tomcat-annotations-api/8.5.29/tomcat-annotations-api-8.5.29.jar:/Users/zhouli/.m2/repository/org/apache/tomcat/embed/tomcat-embed-el/8.5.29/tomcat-embed-el-8.5.29.jar:/Users/zhouli/.m2/repository/org/apache/tomcat/embed/tomcat-embed-websocket/8.5.29/tomcat-embed-websocket-8.5.29.jar:/Users/zhouli/.m2/repository/org/hibernate/hibernate-validator/5.3.6.Final/hibernate-validator-5.3.6.Final.jar:/Users/zhouli/.m2/repository/javax/validation/validation-api/1.1.0.Final/validation-api-1.1.0.Final.jar:/Users/zhouli/.m2/repository/com/fasterxml/classmate/1.3.4/classmate-1.3.4.jar:/Users/zhouli/.m2/repository/com/fasterxml/jackson/core/jackson-databind/2.8.11.1/jackson-databind-2.8.11.1.jar:/Users/zhouli/.m2/repository/com/fasterxml/jackson/core/jackson-annotations/2.8.0/jackson-annotations-2.8.0.jar:/Users/zhouli/.m2/repository/com/fasterxml/jackson/core/jackson-core/2.8.11/jackson-core-2.8.11.jar:/Users/zhouli/.m2/repository/org/springframework/spring-web/4.3.16.RELEASE/spring-web-4.3.16.RELEASE.jar:/Users/zhouli/.m2/repository/org/springframework/spring-webmvc/4.3.16.RELEASE/spring-webmvc-4.3.16.RELEASE.jar:/Users/zhouli/.m2/repository/mysql/mysql-connector-java/5.1.46/mysql-connector-java-5.1.46.jar:/Users/zhouli/.m2/repository/org/springframework/boot/spring-boot-starter-test/1.5.12.RELEASE/spring-boot-starter-test-1.5.12.RELEASE.jar:/Users/zhouli/.m2/repository/org/springframework/boot/spring-boot-test/1.5.12.RELEASE/spring-boot-test-1.5.12.RELEASE.jar:/Users/zhouli/.m2/repository/org/springframework/boot/spring-boot-test-autoconfigure/1.5.12.RELEASE/spring-boot-test-autoconfigure-1.5.12.RELEASE.jar:/Users/zhouli/.m2/repository/com/jayway/jsonpath/json-path/2.2.0/json-path-2.2.0.jar:/Users/zhouli/.m2/repository/net/minidev/json-smart/2.2.1/json-smart-2.2.1.jar:/Users/zhouli/.m2/repository/net/minidev/accessors-smart/1.1/accessors-smart-1.1.jar:/Users/zhouli/.m2/repository/org/ow2/asm/asm/5.0.3/asm-5.0.3.jar:/Users/zhouli/.m2/repository/junit/junit/4.12/junit-4.12.jar:/Users/zhouli/.m2/repository/org/assertj/assertj-core/2.6.0/assertj-core-2.6.0.jar:/Users/zhouli/.m2/repository/org/mockito/mockito-core/1.10.19/mockito-core-1.10.19.jar:/Users/zhouli/.m2/repository/org/objenesis/objenesis/2.1/objenesis-2.1.jar:/Users/zhouli/.m2/repository/org/hamcrest/hamcrest-core/1.3/hamcrest-core-1.3.jar:/Users/zhouli/.m2/repository/org/hamcrest/hamcrest-library/1.3/hamcrest-library-1.3.jar:/Users/zhouli/.m2/repository/org/skyscreamer/jsonassert/1.4.0/jsonassert-1.4.0.jar:/Users/zhouli/.m2/repository/com/vaadin/external/google/android-json/0.0.20131108.vaadin1/android-json-0.0.20131108.vaadin1.jar:/Users/zhouli/.m2/repository/org/springframework/spring-core/4.3.16.RELEASE/spring-core-4.3.16.RELEASE.jar:/Users/zhouli/.m2/repository/org/springframework/spring-test/4.3.16.RELEASE/spring-test-4.3.16.RELEASE.jar:/Users/zhouli/.m2/repository/org/springframework/security/spring-security-test/4.2.5.RELEASE/spring-security-test-4.2.5.RELEASE.jar:/Users/zhouli/.m2/repository/org/springframework/security/spring-security-core/4.2.5.RELEASE/spring-security-core-4.2.5.RELEASE.jar:/Users/zhouli/.m2/repository/aopalliance/aopalliance/1.0/aopalliance-1.0.jar:/Users/zhouli/.m2/repository/org/springframework/boot/spring-boot-configuration-processor/1.5.12.RELEASE/spring-boot-configuration-processor-1.5.12.RELEASE.jar:/Users/zhouli/.m2/repository/org/springframework/boot/spring-boot-devtools/1.5.12.RELEASE/spring-boot-devtools-1.5.12.RELEASE.jar:/Users/zhouli/.m2/repository/org/springframework/boot/spring-boot/1.5.12.RELEASE/spring-boot-1.5.12.RELEASE.jar:/Users/zhouli/.m2/repository/org/springframework/boot/spring-boot-autoconfigure/1.5.12.RELEASE/spring-boot-autoconfigure-1.5.12.RELEASE.jar:/Users/zhouli/.m2/repository/commons-io/commons-io/2.4/commons-io-2.4.jar:, java.specification.name=Java Platform API Specification, java.class.version=52.0, sun.management.compiler=HotSpot 64-Bit Tiered Compilers, os.version=10.14.1, user.home=/Users/zhouli, user.timezone=Asia/Shanghai, java.awt.printerjob=sun.lwawt.macosx.CPrinterJob, file.encoding=UTF-8, java.specification.version=1.8, java.class.path=/Users/zhouli/mygithub/springtest/Film/target/test-classes:/Users/zhouli/mygithub/springtest/Film/target/classes:/Users/zhouli/.m2/repository/org/springframework/boot/spring-boot-starter-data-jpa/1.5.12.RELEASE/spring-boot-starter-data-jpa-1.5.12.RELEASE.jar:/Users/zhouli/.m2/repository/org/springframework/boot/spring-boot-starter/1.5.12.RELEASE/spring-boot-starter-1.5.12.RELEASE.jar:/Users/zhouli/.m2/repository/org/springframework/boot/spring-boot-starter-logging/1.5.12.RELEASE/spring-boot-starter-logging-1.5.12.RELEASE.jar:/Users/zhouli/.m2/repository/ch/qos/logback/logback-classic/1.1.11/logback-classic-1.1.11.jar:/Users/zhouli/.m2/repository/ch/qos/logback/logback-core/1.1.11/logback-core-1.1.11.jar:/Users/zhouli/.m2/repository/org/slf4j/jul-to-slf4j/1.7.25/jul-to-slf4j-1.7.25.jar:/Users/zhouli/.m2/repository/org/slf4j/log4j-over-slf4j/1.7.25/log4j-over-slf4j-1.7.25.jar:/Users/zhouli/.m2/repository/org/yaml/snakeyaml/1.17/snakeyaml-1.17.jar:/Users/zhouli/.m2/repository/org/springframework/boot/spring-boot-starter-aop/1.5.12.RELEASE/spring-boot-starter-aop-1.5.12.RELEASE.jar:/Users/zhouli/.m2/repository/org/aspectj/aspectjweaver/1.8.13/aspectjweaver-1.8.13.jar:/Users/zhouli/.m2/repository/org/springframework/boot/spring-boot-starter-jdbc/1.5.12.RELEASE/spring-boot-starter-jdbc-1.5.12.RELEASE.jar:/Users/zhouli/.m2/repository/org/apache/tomcat/tomcat-jdbc/8.5.29/tomcat-jdbc-8.5.29.jar:/Users/zhouli/.m2/repository/org/apache/tomcat/tomcat-juli/8.5.29/tomcat-juli-8.5.29.jar:/Users/zhouli/.m2/repository/org/springframework/spring-jdbc/4.3.16.RELEASE/spring-jdbc-4.3.16.RELEASE.jar:/Users/zhouli/.m2/repository/org/hibernate/hibernate-core/5.0.12.Final/hibernate-core-5.0.12.Final.jar:/Users/zhouli/.m2/repository/org/jboss/logging/jboss-logging/3.3.2.Final/jboss-logging-3.3.2.Final.jar:/Users/zhouli/.m2/repository/org/hibernate/javax/persistence/hibernate-jpa-2.1-api/1.0.0.Final/hibernate-jpa-2.1-api-1.0.0.Final.jar:/Users/zhouli/.m2/repository/org/javassist/javassist/3.21.0-GA/javassist-3.21.0-GA.jar:/Users/zhouli/.m2/repository/antlr/antlr/2.7.7/antlr-2.7.7.jar:/Users/zhouli/.m2/repository/org/jboss/jandex/2.0.0.Final/jandex-2.0.0.Final.jar:/Users/zhouli/.m2/repository/dom4j/dom4j/1.6.1/dom4j-1.6.1.jar:/Users/zhouli/.m2/repository/org/hibernate/common/hibernate-commons-annotations/5.0.1.Final/hibernate-commons-annotations-5.0.1.Final.jar:/Users/zhouli/.m2/repository/org/hibernate/hibernate-entitymanager/5.0.12.Final/hibernate-entitymanager-5.0.12.Final.jar:/Users/zhouli/.m2/repository/javax/transaction/javax.transaction-api/1.2/javax.transaction-api-1.2.jar:/Users/zhouli/.m2/repository/org/springframework/data/spring-data-jpa/1.11.11.RELEASE/spring-data-jpa-1.11.11.RELEASE.jar:/Users/zhouli/.m2/repository/org/springframework/data/spring-data-commons/1.13.11.RELEASE/spring-data-commons-1.13.11.RELEASE.jar:/Users/zhouli/.m2/repository/org/springframework/spring-orm/4.3.16.RELEASE/spring-orm-4.3.16.RELEASE.jar:/Users/zhouli/.m2/repository/org/springframework/spring-context/4.3.16.RELEASE/spring-context-4.3.16.RELEASE.jar:/Users/zhouli/.m2/repository/org/springframework/spring-tx/4.3.16.RELEASE/spring-tx-4.3.16.RELEASE.jar:/Users/zhouli/.m2/repository/org/springframework/spring-beans/4.3.16.RELEASE/spring-beans-4.3.16.RELEASE.jar:/Users/zhouli/.m2/repository/org/slf4j/slf4j-api/1.7.25/slf4j-api-1.7.25.jar:/Users/zhouli/.m2/repository/org/slf4j/jcl-over-slf4j/1.7.25/jcl-over-slf4j-1.7.25.jar:/Users/zhouli/.m2/repository/org/springframework/spring-aspects/4.3.16.RELEASE/spring-aspects-4.3.16.RELEASE.jar:/Users/zhouli/.m2/repository/org/springframework/boot/spring-boot-starter-security/1.5.12.RELEASE/spring-boot-starter-security-1.5.12.RELEASE.jar:/Users/zhouli/.m2/repository/org/springframework/spring-aop/4.3.16.RELEASE/spring-aop-4.3.16.RELEASE.jar:/Users/zhouli/.m2/repository/org/springframework/security/spring-security-config/4.2.5.RELEASE/spring-security-config-4.2.5.RELEASE.jar:/Users/zhouli/.m2/repository/org/springframework/security/spring-security-web/4.2.5.RELEASE/spring-security-web-4.2.5.RELEASE.jar:/Users/zhouli/.m2/repository/org/springframework/spring-expression/4.3.16.RELEASE/spring-expression-4.3.16.RELEASE.jar:/Users/zhouli/.m2/repository/org/springframework/boot/spring-boot-starter-thymeleaf/1.5.12.RELEASE/spring-boot-starter-thymeleaf-1.5.12.RELEASE.jar:/Users/zhouli/.m2/repository/org/thymeleaf/thymeleaf-spring4/2.1.6.RELEASE/thymeleaf-spring4-2.1.6.RELEASE.jar:/Users/zhouli/.m2/repository/org/thymeleaf/thymeleaf/2.1.6.RELEASE/thymeleaf-2.1.6.RELEASE.jar:/Users/zhouli/.m2/repository/ognl/ognl/3.0.8/ognl-3.0.8.jar:/Users/zhouli/.m2/repository/org/unbescape/unbescape/1.1.0.RELEASE/unbescape-1.1.0.RELEASE.jar:/Users/zhouli/.m2/repository/nz/net/ultraq/thymeleaf/thymeleaf-layout-dialect/1.4.0/thymeleaf-layout-dialect-1.4.0.jar:/Users/zhouli/.m2/repository/org/codehaus/groovy/groovy/2.4.15/groovy-2.4.15.jar:/Users/zhouli/.m2/repository/org/springframework/boot/spring-boot-starter-web/1.5.12.RELEASE/spring-boot-starter-web-1.5.12.RELEASE.jar:/Users/zhouli/.m2/repository/org/springframework/boot/spring-boot-starter-tomcat/1.5.12.RELEASE/spring-boot-starter-tomcat-1.5.12.RELEASE.jar:/Users/zhouli/.m2/repository/org/apache/tomcat/embed/tomcat-embed-core/8.5.29/tomcat-embed-core-8.5.29.jar:/Users/zhouli/.m2/repository/org/apache/tomcat/tomcat-annotations-api/8.5.29/tomcat-annotations-api-8.5.29.jar:/Users/zhouli/.m2/repository/org/apache/tomcat/embed/tomcat-embed-el/8.5.29/tomcat-embed-el-8.5.29.jar:/Users/zhouli/.m2/repository/org/apache/tomcat/embed/tomcat-embed-websocket/8.5.29/tomcat-embed-websocket-8.5.29.jar:/Users/zhouli/.m2/repository/org/hibernate/hibernate-validator/5.3.6.Final/hibernate-validator-5.3.6.Final.jar:/Users/zhouli/.m2/repository/javax/validation/validation-api/1.1.0.Final/validation-api-1.1.0.Final.jar:/Users/zhouli/.m2/repository/com/fasterxml/classmate/1.3.4/classmate-1.3.4.jar:/Users/zhouli/.m2/repository/com/fasterxml/jackson/core/jackson-databind/2.8.11.1/jackson-databind-2.8.11.1.jar:/Users/zhouli/.m2/repository/com/fasterxml/jackson/core/jackson-annotations/2.8.0/jackson-annotations-2.8.0.jar:/Users/zhouli/.m2/repository/com/fasterxml/jackson/core/jackson-core/2.8.11/jackson-core-2.8.11.jar:/Users/zhouli/.m2/repository/org/springframework/spring-web/4.3.16.RELEASE/spring-web-4.3.16.RELEASE.jar:/Users/zhouli/.m2/repository/org/springframework/spring-webmvc/4.3.16.RELEASE/spring-webmvc-4.3.16.RELEASE.jar:/Users/zhouli/.m2/repository/mysql/mysql-connector-java/5.1.46/mysql-connector-java-5.1.46.jar:/Users/zhouli/.m2/repository/org/springframework/boot/spring-boot-starter-test/1.5.12.RELEASE/spring-boot-starter-test-1.5.12.RELEASE.jar:/Users/zhouli/.m2/repository/org/springframework/boot/spring-boot-test/1.5.12.RELEASE/spring-boot-test-1.5.12.RELEASE.jar:/Users/zhouli/.m2/repository/org/springframework/boot/spring-boot-test-autoconfigure/1.5.12.RELEASE/spring-boot-test-autoconfigure-1.5.12.RELEASE.jar:/Users/zhouli/.m2/repository/com/jayway/jsonpath/json-path/2.2.0/json-path-2.2.0.jar:/Users/zhouli/.m2/repository/net/minidev/json-smart/2.2.1/json-smart-2.2.1.jar:/Users/zhouli/.m2/repository/net/minidev/accessors-smart/1.1/accessors-smart-1.1.jar:/Users/zhouli/.m2/repository/org/ow2/asm/asm/5.0.3/asm-5.0.3.jar:/Users/zhouli/.m2/repository/junit/junit/4.12/junit-4.12.jar:/Users/zhouli/.m2/repository/org/assertj/assertj-core/2.6.0/assertj-core-2.6.0.jar:/Users/zhouli/.m2/repository/org/mockito/mockito-core/1.10.19/mockito-core-1.10.19.jar:/Users/zhouli/.m2/repository/org/objenesis/objenesis/2.1/objenesis-2.1.jar:/Users/zhouli/.m2/repository/org/hamcrest/hamcrest-core/1.3/hamcrest-core-1.3.jar:/Users/zhouli/.m2/repository/org/hamcrest/hamcrest-library/1.3/hamcrest-library-1.3.jar:/Users/zhouli/.m2/repository/org/skyscreamer/jsonassert/1.4.0/jsonassert-1.4.0.jar:/Users/zhouli/.m2/repository/com/vaadin/external/google/android-json/0.0.20131108.vaadin1/android-json-0.0.20131108.vaadin1.jar:/Users/zhouli/.m2/repository/org/springframework/spring-core/4.3.16.RELEASE/spring-core-4.3.16.RELEASE.jar:/Users/zhouli/.m2/repository/org/springframework/spring-test/4.3.16.RELEASE/spring-test-4.3.16.RELEASE.jar:/Users/zhouli/.m2/repository/org/springframework/security/spring-security-test/4.2.5.RELEASE/spring-security-test-4.2.5.RELEASE.jar:/Users/zhouli/.m2/repository/org/springframework/security/spring-security-core/4.2.5.RELEASE/spring-security-core-4.2.5.RELEASE.jar:/Users/zhouli/.m2/repository/aopalliance/aopalliance/1.0/aopalliance-1.0.jar:/Users/zhouli/.m2/repository/org/springframework/boot/spring-boot-configuration-processor/1.5.12.RELEASE/spring-boot-configuration-processor-1.5.12.RELEASE.jar:/Users/zhouli/.m2/repository/org/springframework/boot/spring-boot-devtools/1.5.12.RELEASE/spring-boot-devtools-1.5.12.RELEASE.jar:/Users/zhouli/.m2/repository/org/springframework/boot/spring-boot/1.5.12.RELEASE/spring-boot-1.5.12.RELEASE.jar:/Users/zhouli/.m2/repository/org/springframework/boot/spring-boot-autoconfigure/1.5.12.RELEASE/spring-boot-autoconfigure-1.5.12.RELEASE.jar:/Users/zhouli/.m2/repository/commons-io/commons-io/2.4/commons-io-2.4.jar:, user.name=zhouli, java.vm.specification.version=1.8, sun.java.command=/Users/zhouli/mygithub/springtest/Film/target/surefire/surefirebooter3084578879316699975.jar /Users/zhouli/mygithub/springtest/Film/target/surefire/surefire1863536420182820630tmp /Users/zhouli/mygithub/springtest/Film/target/surefire/surefire_07146009219444381470tmp, java.home=/Library/Java/JavaVirtualMachines/jdk1.8.0_40.jdk/Contents/Home/jre, sun.arch.data.model=64, user.language=zh, java.specification.vendor=Oracle Corporation, awt.toolkit=sun.lwawt.macosx.LWCToolkit, java.vm.info=mixed mode, java.version=1.8.0_40, java.ext.dirs=/Users/zhouli/Library/Java/Extensions:/Library/Java/JavaVirtualMachines/jdk1.8.0_40.jdk/Contents/Home/jre/lib/ext:/Library/Java/Extensions:/Network/Library/Java/Extensions:/System/Library/Java/Extensions:/usr/lib/java, sun.boot.class.path=/Library/Java/JavaVirtualMachines/jdk1.8.0_40.jdk/Contents/Home/jre/lib/resources.jar:/Library/Java/JavaVirtualMachines/jdk1.8.0_40.jdk/Contents/Home/jre/lib/rt.jar:/Library/Java/JavaVirtualMachines/jdk1.8.0_40.jdk/Contents/Home/jre/lib/sunrsasign.jar:/Library/Java/JavaVirtualMachines/jdk1.8.0_40.jdk/Contents/Home/jre/lib/jsse.jar:/Library/Java/JavaVirtualMachines/jdk1.8.0_40.jdk/Contents/Home/jre/lib/jce.jar:/Library/Java/JavaVirtualMachines/jdk1.8.0_40.jdk/Contents/Home/jre/lib/charsets.jar:/Library/Java/JavaVirtualMachines/jdk1.8.0_40.jdk/Contents/Home/jre/lib/jfr.jar:/Library/Java/JavaVirtualMachines/jdk1.8.0_40.jdk/Contents/Home/jre/classes, java.vendor=Oracle Corporation, localRepository=/Users/zhouli/.m2/repository, file.separator=/, java.vendor.url.bug=http://bugreport.sun.com/bugreport/, sun.io.unicode.encoding=UnicodeBig, sun.cpu.endian=little, sun.cpu.isalist=}}, SystemEnvironmentPropertySource@141289226 {name='systemEnvironment', properties={PYENV_SHELL=bash, PATH=/Users/zhouli/.rvm/gems/ruby-2.4.0/bin:/Users/zhouli/.rvm/gems/ruby-2.4.0@global/bin:/Users/zhouli/.rvm/rubies/ruby-2.4.0/bin:/Users/zhouli/workDep/apache-maven-3.5.3/bin:/usr/local/php5-7.0.7-20160526-160257/bin:/Users/zhouli/.nvm/versions/node/v8.0.0/bin:/Users/zhouli/.pyenv/shims:/Users/zhouli/.pyenv/bin:/Library/Frameworks/Python.framework/Versions/3.5/bin:/Users/zhouli/mongodb-osx-x86_64-3.2.3/bin:.:/usr/local/bin:/usr/bin:/bin:/usr/sbin:/sbin:/Library/Java/JavaVirtualMachines/jdk1.8.0_40.jdk/Contents/Home:/Library/Java/JavaVirtualMachines/jdk1.8.0_40.jdk/Contents/Home/bin:/usr/local/mysql/bin:/Users/zhouli/workDep/apache-ant-1.10.1/bin:/Users/zhouli/Library/Android/sdk:/Users/zhouli/Library/Android/sdk/tools:/Users/zhouli/Library/Android/sdk/platform-tools:/Users/zhouli/workDep/gradle/3.4.1/bin:/usr/local/share/scala-2.12.2/bin:/Users/zhouli/.rvm/bin, IRBRC=/Users/zhouli/.rvm/rubies/ruby-2.4.0/.irbrc, JAVA_MAIN_CLASS_1264=org.apache.maven.surefire.booter.ForkedBooter, ANDROID_HOME=/Users/zhouli/Library/Android/sdk, LOGNAME=zhouli, rvm_version=1.29.2 (latest), PWD=/Users/zhouli/mygithub/springtest/Film, NVM_CD_FLAGS=, SHELL=/bin/bash, NVM_PATH=/Users/zhouli/.nvm/versions/node/v8.0.0/lib/node, MY_RUBY_HOME=/Users/zhouli/.rvm/rubies/ruby-2.4.0, PYENV_ROOT=/Users/zhouli/.pyenv, OLDPWD=/Users/zhouli/mygithub/springtest/Film, GEM_HOME=/Users/zhouli/.rvm/gems/ruby-2.4.0, rvm_path=/Users/zhouli/.rvm, TMPDIR=/var/folders/hd/0yj0bj5d31g0nxdx2gqtksbc0000gn/T/, RUBY_VERSION=ruby-2.4.0, XPC_FLAGS=0x0, _system_name=OSX, NVM_IOJS_ORG_MIRROR=https://iojs.org/dist, M2_HOME=/Users/zhouli/workDep/apache-maven-3.5.3, __CF_USER_TEXT_ENCODING=0x1F5:0x19:0x34, Apple_PubSub_Socket_Render=/private/tmp/com.apple.launchd.htPQwrbpix/Render, LC_CTYPE=zh_CN.UTF-8, SHLVL=2, JAVA_ARCH=x86_64, JAVA_MAIN_CLASS_1240=org.codehaus.plexus.classworlds.launcher.Launcher, _system_arch=x86_64, MANPATH=/Users/zhouli/.nvm/versions/node/v8.0.0/share/man:/Library/Frameworks/Python.framework/Versions/3.5/share/man:/usr/local/share/man:/usr/share/man:/Library/Java/JavaVirtualMachines/jdk1.8.0_40.jdk/Contents/Home/man:/Library/Developer/CommandLineTools/usr/share/man, rvm_bin_path=/Users/zhouli/.rvm/bin, TERM=xterm-256color, rvm_prefix=/Users/zhouli, ANDROID_TOOLS=/Users/zhouli/Library/Android/sdk/tools, GRADLE_HOME=/Users/zhouli/workDep/gradle/3.4.1, ANDROID_PLATFORM_TOOLS=/Users/zhouli/Library/Android/sdk/platform-tools, ANT_HOME=/Users/zhouli/workDep/apache-ant-1.10.1, NVM_NODEJS_ORG_MIRROR=https://nodejs.org/dist, XPC_SERVICE_NAME=0, MAVEN_CMD_LINE_ARGS= clean package, _=/Library/Java/JavaVirtualMachines/jdk1.8.0_40.jdk/Contents/Home/jre/bin/java, NVM_DIR=/Users/zhouli/.nvm, _system_type=Darwin, MAVEN_PROJECTBASEDIR=/Users/zhouli/mygithub/springtest/Film, _system_version=10.14, USER=zhouli, SSH_AUTH_SOCK=/private/tmp/com.apple.launchd.eyPqB6GtdD/Listeners, GEM_PATH=/Users/zhouli/.rvm/gems/ruby-2.4.0:/Users/zhouli/.rvm/gems/ruby-2.4.0@global, com.apple.java.jvmTask=CommandLine, NVM_BIN=/Users/zhouli/.nvm/versions/node/v8.0.0/bin, HOME=/Users/zhouli}}]
16:47:57.681 [main] DEBUG org.springframework.core.io.support.PathMatchingResourcePatternResolver - Resolved classpath location [com/vole/film/] to resources [URL [file:/Users/zhouli/mygithub/springtest/Film/target/test-classes/com/vole/film/], URL [file:/Users/zhouli/mygithub/springtest/Film/target/classes/com/vole/film/]]
16:47:57.681 [main] DEBUG org.springframework.core.io.support.PathMatchingResourcePatternResolver - Looking for matching resources in directory tree [/Users/zhouli/mygithub/springtest/Film/target/test-classes/com/vole/film]
16:47:57.682 [main] DEBUG org.springframework.core.io.support.PathMatchingResourcePatternResolver - Searching directory [/Users/zhouli/mygithub/springtest/Film/target/test-classes/com/vole/film] for files matching pattern [/Users/zhouli/mygithub/springtest/Film/target/test-classes/com/vole/film/*.class]
16:47:57.687 [main] DEBUG org.springframework.core.io.support.PathMatchingResourcePatternResolver - Looking for matching resources in directory tree [/Users/zhouli/mygithub/springtest/Film/target/classes/com/vole/film]
16:47:57.687 [main] DEBUG org.springframework.core.io.support.PathMatchingResourcePatternResolver - Searching directory [/Users/zhouli/mygithub/springtest/Film/target/classes/com/vole/film] for files matching pattern [/Users/zhouli/mygithub/springtest/Film/target/classes/com/vole/film/*.class]
16:47:57.689 [main] DEBUG org.springframework.core.io.support.PathMatchingResourcePatternResolver - Resolved location pattern [classpath*:com/vole/film/*.class] to resources [file [/Users/zhouli/mygithub/springtest/Film/target/test-classes/com/vole/film/FilmApplicationTests.class], file [/Users/zhouli/mygithub/springtest/Film/target/classes/com/vole/film/FilmApplication.class]]
16:47:57.865 [main] DEBUG org.springframework.context.annotation.ClassPathScanningCandidateComponentProvider - Identified candidate component class: file [/Users/zhouli/mygithub/springtest/Film/target/classes/com/vole/film/FilmApplication.class]
16:47:57.869 [main] INFO org.springframework.boot.test.context.SpringBootTestContextBootstrapper - Found @SpringBootConfiguration com.vole.film.FilmApplication for test class com.vole.film.FilmApplicationTests
16:47:57.884 [main] DEBUG org.springframework.boot.test.context.SpringBootTestContextBootstrapper - @TestExecutionListeners is not present for class [com.vole.film.FilmApplicationTests]: using defaults.
16:47:57.902 [main] INFO org.springframework.boot.test.context.SpringBootTestContextBootstrapper - Loaded default TestExecutionListener class names from location [META-INF/spring.factories]: [org.springframework.boot.test.mock.mockito.MockitoTestExecutionListener, org.springframework.boot.test.mock.mockito.ResetMocksTestExecutionListener, org.springframework.boot.test.autoconfigure.restdocs.RestDocsTestExecutionListener, org.springframework.boot.test.autoconfigure.web.client.MockRestServiceServerResetTestExecutionListener, org.springframework.boot.test.autoconfigure.web.servlet.MockMvcPrintOnlyOnFailureTestExecutionListener, org.springframework.boot.test.autoconfigure.web.servlet.WebDriverTestExecutionListener, org.springframework.test.context.web.ServletTestExecutionListener, org.springframework.test.context.support.DirtiesContextBeforeModesTestExecutionListener, org.springframework.test.context.support.DependencyInjectionTestExecutionListener, org.springframework.test.context.support.DirtiesContextTestExecutionListener, org.springframework.test.context.transaction.TransactionalTestExecutionListener, org.springframework.test.context.jdbc.SqlScriptsTestExecutionListener, org.springframework.security.test.context.support.WithSecurityContextTestExecutionListener]
16:47:57.988 [main] INFO org.springframework.boot.test.context.SpringBootTestContextBootstrapper - Using TestExecutionListeners: [org.springframework.test.context.web.ServletTestExecutionListener@4d49af10, org.springframework.test.context.support.DirtiesContextBeforeModesTestExecutionListener@279ad2e3, org.springframework.boot.test.mock.mockito.MockitoTestExecutionListener@58134517, org.springframework.boot.test.autoconfigure.SpringBootDependencyInjectionTestExecutionListener@4450d156, org.springframework.test.context.support.DirtiesContextTestExecutionListener@4461c7e3, org.springframework.test.context.transaction.TransactionalTestExecutionListener@351d0846, org.springframework.test.context.jdbc.SqlScriptsTestExecutionListener@77e4c80f, org.springframework.security.test.context.support.WithSecurityContextTestExecutionListener@35fc6dc4, org.springframework.boot.test.mock.mockito.ResetMocksTestExecutionListener@7fe8ea47, org.springframework.boot.test.autoconfigure.restdocs.RestDocsTestExecutionListener@226a82c4, org.springframework.boot.test.autoconfigure.web.client.MockRestServiceServerResetTestExecutionListener@731f8236, org.springframework.boot.test.autoconfigure.web.servlet.MockMvcPrintOnlyOnFailureTestExecutionListener@255b53dc, org.springframework.boot.test.autoconfigure.web.servlet.WebDriverTestExecutionListener@1dd92fe2]
16:47:57.992 [main] DEBUG org.springframework.test.annotation.ProfileValueUtils - Retrieved @ProfileValueSourceConfiguration [null] for test class [com.vole.film.FilmApplicationTests]
16:47:57.993 [main] DEBUG org.springframework.test.annotation.ProfileValueUtils - Retrieved ProfileValueSource type [class org.springframework.test.annotation.SystemProfileValueSource] for class [com.vole.film.FilmApplicationTests]
16:47:57.996 [main] DEBUG org.springframework.test.context.junit4.SpringJUnit4ClassRunner - SpringJUnit4ClassRunner constructor called with [class com.vole.film.FilmApplicationTests]
16:47:57.996 [main] DEBUG org.springframework.test.context.BootstrapUtils - Instantiating CacheAwareContextLoaderDelegate from class [org.springframework.test.context.cache.DefaultCacheAwareContextLoaderDelegate]
16:47:57.997 [main] DEBUG org.springframework.test.context.BootstrapUtils - Instantiating BootstrapContext using constructor [public org.springframework.test.context.support.DefaultBootstrapContext(java.lang.Class,org.springframework.test.context.CacheAwareContextLoaderDelegate)]
16:47:57.998 [main] DEBUG org.springframework.test.context.BootstrapUtils - Instantiating TestContextBootstrapper for test class [com.vole.film.FilmApplicationTests] from class [org.springframework.boot.test.context.SpringBootTestContextBootstrapper]
16:47:57.999 [main] INFO org.springframework.boot.test.context.SpringBootTestContextBootstrapper - Neither @ContextConfiguration nor @ContextHierarchy found for test class [com.vole.film.FilmApplicationTests], using SpringBootContextLoader
16:47:58.003 [main] DEBUG org.springframework.test.context.support.AbstractContextLoader - Did not detect default resource location for test class [com.vole.film.FilmApplicationTests]: class path resource [com/vole/film/FilmApplicationTests-context.xml] does not exist
16:47:58.004 [main] DEBUG org.springframework.test.context.support.AbstractContextLoader - Did not detect default resource location for test class [com.vole.film.FilmApplicationTests]: class path resource [com/vole/film/FilmApplicationTestsContext.groovy] does not exist
16:47:58.004 [main] INFO org.springframework.test.context.support.AbstractContextLoader - Could not detect default resource locations for test class [com.vole.film.FilmApplicationTests]: no resource found for suffixes {-context.xml, Context.groovy}.
16:47:58.005 [main] INFO org.springframework.test.context.support.AnnotationConfigContextLoaderUtils - Could not detect default configuration classes for test class [com.vole.film.FilmApplicationTests]: FilmApplicationTests does not declare any static, non-private, non-final, nested classes annotated with @Configuration.
16:47:58.015 [main] DEBUG org.springframework.test.context.support.ActiveProfilesUtils - Could not find an 'annotation declaring class' for annotation type [org.springframework.test.context.ActiveProfiles] and class [com.vole.film.FilmApplicationTests]
16:47:58.016 [main] DEBUG org.springframework.core.env.StandardEnvironment - Adding PropertySource 'systemProperties' with lowest search precedence
16:47:58.016 [main] DEBUG org.springframework.core.env.StandardEnvironment - Adding PropertySource 'systemEnvironment' with lowest search precedence
16:47:58.075 [main] DEBUG org.springframework.core.env.StandardEnvironment - Initialized StandardEnvironment with PropertySources [MapPropertySource@1381965390 {name='systemProperties', properties={java.runtime.name=Java(TM) SE Runtime Environment, sun.boot.library.path=/Library/Java/JavaVirtualMachines/jdk1.8.0_40.jdk/Contents/Home/jre/lib, java.vm.version=25.40-b25, gopherProxySet=false, java.vm.vendor=Oracle Corporation, java.vendor.url=http://java.oracle.com/, path.separator=:, java.vm.name=Java HotSpot(TM) 64-Bit Server VM, file.encoding.pkg=sun.io, user.country=CN, sun.java.launcher=SUN_STANDARD, sun.os.patch.level=unknown, java.vm.specification.name=Java Virtual Machine Specification, user.dir=/Users/zhouli/mygithub/springtest/Film, java.runtime.version=1.8.0_40-b27, basedir=/Users/zhouli/mygithub/springtest/Film, java.awt.graphicsenv=sun.awt.CGraphicsEnvironment, java.endorsed.dirs=/Library/Java/JavaVirtualMachines/jdk1.8.0_40.jdk/Contents/Home/jre/lib/endorsed, os.arch=x86_64, surefire.real.class.path=/Users/zhouli/mygithub/springtest/Film/target/surefire/surefirebooter3084578879316699975.jar, java.io.tmpdir=/var/folders/hd/0yj0bj5d31g0nxdx2gqtksbc0000gn/T/, line.separator=
, java.vm.specification.vendor=Oracle Corporation, os.name=Mac OS X, sun.jnu.encoding=UTF-8, java.library.path=/Users/zhouli/Library/Java/Extensions:/Library/Java/Extensions:/Network/Library/Java/Extensions:/System/Library/Java/Extensions:/usr/lib/java:., surefire.test.class.path=/Users/zhouli/mygithub/springtest/Film/target/test-classes:/Users/zhouli/mygithub/springtest/Film/target/classes:/Users/zhouli/.m2/repository/org/springframework/boot/spring-boot-starter-data-jpa/1.5.12.RELEASE/spring-boot-starter-data-jpa-1.5.12.RELEASE.jar:/Users/zhouli/.m2/repository/org/springframework/boot/spring-boot-starter/1.5.12.RELEASE/spring-boot-starter-1.5.12.RELEASE.jar:/Users/zhouli/.m2/repository/org/springframework/boot/spring-boot-starter-logging/1.5.12.RELEASE/spring-boot-starter-logging-1.5.12.RELEASE.jar:/Users/zhouli/.m2/repository/ch/qos/logback/logback-classic/1.1.11/logback-classic-1.1.11.jar:/Users/zhouli/.m2/repository/ch/qos/logback/logback-core/1.1.11/logback-core-1.1.11.jar:/Users/zhouli/.m2/repository/org/slf4j/jul-to-slf4j/1.7.25/jul-to-slf4j-1.7.25.jar:/Users/zhouli/.m2/repository/org/slf4j/log4j-over-slf4j/1.7.25/log4j-over-slf4j-1.7.25.jar:/Users/zhouli/.m2/repository/org/yaml/snakeyaml/1.17/snakeyaml-1.17.jar:/Users/zhouli/.m2/repository/org/springframework/boot/spring-boot-starter-aop/1.5.12.RELEASE/spring-boot-starter-aop-1.5.12.RELEASE.jar:/Users/zhouli/.m2/repository/org/aspectj/aspectjweaver/1.8.13/aspectjweaver-1.8.13.jar:/Users/zhouli/.m2/repository/org/springframework/boot/spring-boot-starter-jdbc/1.5.12.RELEASE/spring-boot-starter-jdbc-1.5.12.RELEASE.jar:/Users/zhouli/.m2/repository/org/apache/tomcat/tomcat-jdbc/8.5.29/tomcat-jdbc-8.5.29.jar:/Users/zhouli/.m2/repository/org/apache/tomcat/tomcat-juli/8.5.29/tomcat-juli-8.5.29.jar:/Users/zhouli/.m2/repository/org/springframework/spring-jdbc/4.3.16.RELEASE/spring-jdbc-4.3.16.RELEASE.jar:/Users/zhouli/.m2/repository/org/hibernate/hibernate-core/5.0.12.Final/hibernate-core-5.0.12.Final.jar:/Users/zhouli/.m2/repository/org/jboss/logging/jboss-logging/3.3.2.Final/jboss-logging-3.3.2.Final.jar:/Users/zhouli/.m2/repository/org/hibernate/javax/persistence/hibernate-jpa-2.1-api/1.0.0.Final/hibernate-jpa-2.1-api-1.0.0.Final.jar:/Users/zhouli/.m2/repository/org/javassist/javassist/3.21.0-GA/javassist-3.21.0-GA.jar:/Users/zhouli/.m2/repository/antlr/antlr/2.7.7/antlr-2.7.7.jar:/Users/zhouli/.m2/repository/org/jboss/jandex/2.0.0.Final/jandex-2.0.0.Final.jar:/Users/zhouli/.m2/repository/dom4j/dom4j/1.6.1/dom4j-1.6.1.jar:/Users/zhouli/.m2/repository/org/hibernate/common/hibernate-commons-annotations/5.0.1.Final/hibernate-commons-annotations-5.0.1.Final.jar:/Users/zhouli/.m2/repository/org/hibernate/hibernate-entitymanager/5.0.12.Final/hibernate-entitymanager-5.0.12.Final.jar:/Users/zhouli/.m2/repository/javax/transaction/javax.transaction-api/1.2/javax.transaction-api-1.2.jar:/Users/zhouli/.m2/repository/org/springframework/data/spring-data-jpa/1.11.11.RELEASE/spring-data-jpa-1.11.11.RELEASE.jar:/Users/zhouli/.m2/repository/org/springframework/data/spring-data-commons/1.13.11.RELEASE/spring-data-commons-1.13.11.RELEASE.jar:/Users/zhouli/.m2/repository/org/springframework/spring-orm/4.3.16.RELEASE/spring-orm-4.3.16.RELEASE.jar:/Users/zhouli/.m2/repository/org/springframework/spring-context/4.3.16.RELEASE/spring-context-4.3.16.RELEASE.jar:/Users/zhouli/.m2/repository/org/springframework/spring-tx/4.3.16.RELEASE/spring-tx-4.3.16.RELEASE.jar:/Users/zhouli/.m2/repository/org/springframework/spring-beans/4.3.16.RELEASE/spring-beans-4.3.16.RELEASE.jar:/Users/zhouli/.m2/repository/org/slf4j/slf4j-api/1.7.25/slf4j-api-1.7.25.jar:/Users/zhouli/.m2/repository/org/slf4j/jcl-over-slf4j/1.7.25/jcl-over-slf4j-1.7.25.jar:/Users/zhouli/.m2/repository/org/springframework/spring-aspects/4.3.16.RELEASE/spring-aspects-4.3.16.RELEASE.jar:/Users/zhouli/.m2/repository/org/springframework/boot/spring-boot-starter-security/1.5.12.RELEASE/spring-boot-starter-security-1.5.12.RELEASE.jar:/Users/zhouli/.m2/repository/org/springframework/spring-aop/4.3.16.RELEASE/spring-aop-4.3.16.RELEASE.jar:/Users/zhouli/.m2/repository/org/springframework/security/spring-security-config/4.2.5.RELEASE/spring-security-config-4.2.5.RELEASE.jar:/Users/zhouli/.m2/repository/org/springframework/security/spring-security-web/4.2.5.RELEASE/spring-security-web-4.2.5.RELEASE.jar:/Users/zhouli/.m2/repository/org/springframework/spring-expression/4.3.16.RELEASE/spring-expression-4.3.16.RELEASE.jar:/Users/zhouli/.m2/repository/org/springframework/boot/spring-boot-starter-thymeleaf/1.5.12.RELEASE/spring-boot-starter-thymeleaf-1.5.12.RELEASE.jar:/Users/zhouli/.m2/repository/org/thymeleaf/thymeleaf-spring4/2.1.6.RELEASE/thymeleaf-spring4-2.1.6.RELEASE.jar:/Users/zhouli/.m2/repository/org/thymeleaf/thymeleaf/2.1.6.RELEASE/thymeleaf-2.1.6.RELEASE.jar:/Users/zhouli/.m2/repository/ognl/ognl/3.0.8/ognl-3.0.8.jar:/Users/zhouli/.m2/repository/org/unbescape/unbescape/1.1.0.RELEASE/unbescape-1.1.0.RELEASE.jar:/Users/zhouli/.m2/repository/nz/net/ultraq/thymeleaf/thymeleaf-layout-dialect/1.4.0/thymeleaf-layout-dialect-1.4.0.jar:/Users/zhouli/.m2/repository/org/codehaus/groovy/groovy/2.4.15/groovy-2.4.15.jar:/Users/zhouli/.m2/repository/org/springframework/boot/spring-boot-starter-web/1.5.12.RELEASE/spring-boot-starter-web-1.5.12.RELEASE.jar:/Users/zhouli/.m2/repository/org/springframework/boot/spring-boot-starter-tomcat/1.5.12.RELEASE/spring-boot-starter-tomcat-1.5.12.RELEASE.jar:/Users/zhouli/.m2/repository/org/apache/tomcat/embed/tomcat-embed-core/8.5.29/tomcat-embed-core-8.5.29.jar:/Users/zhouli/.m2/repository/org/apache/tomcat/tomcat-annotations-api/8.5.29/tomcat-annotations-api-8.5.29.jar:/Users/zhouli/.m2/repository/org/apache/tomcat/embed/tomcat-embed-el/8.5.29/tomcat-embed-el-8.5.29.jar:/Users/zhouli/.m2/repository/org/apache/tomcat/embed/tomcat-embed-websocket/8.5.29/tomcat-embed-websocket-8.5.29.jar:/Users/zhouli/.m2/repository/org/hibernate/hibernate-validator/5.3.6.Final/hibernate-validator-5.3.6.Final.jar:/Users/zhouli/.m2/repository/javax/validation/validation-api/1.1.0.Final/validation-api-1.1.0.Final.jar:/Users/zhouli/.m2/repository/com/fasterxml/classmate/1.3.4/classmate-1.3.4.jar:/Users/zhouli/.m2/repository/com/fasterxml/jackson/core/jackson-databind/2.8.11.1/jackson-databind-2.8.11.1.jar:/Users/zhouli/.m2/repository/com/fasterxml/jackson/core/jackson-annotations/2.8.0/jackson-annotations-2.8.0.jar:/Users/zhouli/.m2/repository/com/fasterxml/jackson/core/jackson-core/2.8.11/jackson-core-2.8.11.jar:/Users/zhouli/.m2/repository/org/springframework/spring-web/4.3.16.RELEASE/spring-web-4.3.16.RELEASE.jar:/Users/zhouli/.m2/repository/org/springframework/spring-webmvc/4.3.16.RELEASE/spring-webmvc-4.3.16.RELEASE.jar:/Users/zhouli/.m2/repository/mysql/mysql-connector-java/5.1.46/mysql-connector-java-5.1.46.jar:/Users/zhouli/.m2/repository/org/springframework/boot/spring-boot-starter-test/1.5.12.RELEASE/spring-boot-starter-test-1.5.12.RELEASE.jar:/Users/zhouli/.m2/repository/org/springframework/boot/spring-boot-test/1.5.12.RELEASE/spring-boot-test-1.5.12.RELEASE.jar:/Users/zhouli/.m2/repository/org/springframework/boot/spring-boot-test-autoconfigure/1.5.12.RELEASE/spring-boot-test-autoconfigure-1.5.12.RELEASE.jar:/Users/zhouli/.m2/repository/com/jayway/jsonpath/json-path/2.2.0/json-path-2.2.0.jar:/Users/zhouli/.m2/repository/net/minidev/json-smart/2.2.1/json-smart-2.2.1.jar:/Users/zhouli/.m2/repository/net/minidev/accessors-smart/1.1/accessors-smart-1.1.jar:/Users/zhouli/.m2/repository/org/ow2/asm/asm/5.0.3/asm-5.0.3.jar:/Users/zhouli/.m2/repository/junit/junit/4.12/junit-4.12.jar:/Users/zhouli/.m2/repository/org/assertj/assertj-core/2.6.0/assertj-core-2.6.0.jar:/Users/zhouli/.m2/repository/org/mockito/mockito-core/1.10.19/mockito-core-1.10.19.jar:/Users/zhouli/.m2/repository/org/objenesis/objenesis/2.1/objenesis-2.1.jar:/Users/zhouli/.m2/repository/org/hamcrest/hamcrest-core/1.3/hamcrest-core-1.3.jar:/Users/zhouli/.m2/repository/org/hamcrest/hamcrest-library/1.3/hamcrest-library-1.3.jar:/Users/zhouli/.m2/repository/org/skyscreamer/jsonassert/1.4.0/jsonassert-1.4.0.jar:/Users/zhouli/.m2/repository/com/vaadin/external/google/android-json/0.0.20131108.vaadin1/android-json-0.0.20131108.vaadin1.jar:/Users/zhouli/.m2/repository/org/springframework/spring-core/4.3.16.RELEASE/spring-core-4.3.16.RELEASE.jar:/Users/zhouli/.m2/repository/org/springframework/spring-test/4.3.16.RELEASE/spring-test-4.3.16.RELEASE.jar:/Users/zhouli/.m2/repository/org/springframework/security/spring-security-test/4.2.5.RELEASE/spring-security-test-4.2.5.RELEASE.jar:/Users/zhouli/.m2/repository/org/springframework/security/spring-security-core/4.2.5.RELEASE/spring-security-core-4.2.5.RELEASE.jar:/Users/zhouli/.m2/repository/aopalliance/aopalliance/1.0/aopalliance-1.0.jar:/Users/zhouli/.m2/repository/org/springframework/boot/spring-boot-configuration-processor/1.5.12.RELEASE/spring-boot-configuration-processor-1.5.12.RELEASE.jar:/Users/zhouli/.m2/repository/org/springframework/boot/spring-boot-devtools/1.5.12.RELEASE/spring-boot-devtools-1.5.12.RELEASE.jar:/Users/zhouli/.m2/repository/org/springframework/boot/spring-boot/1.5.12.RELEASE/spring-boot-1.5.12.RELEASE.jar:/Users/zhouli/.m2/repository/org/springframework/boot/spring-boot-autoconfigure/1.5.12.RELEASE/spring-boot-autoconfigure-1.5.12.RELEASE.jar:/Users/zhouli/.m2/repository/commons-io/commons-io/2.4/commons-io-2.4.jar:, java.specification.name=Java Platform API Specification, java.class.version=52.0, sun.management.compiler=HotSpot 64-Bit Tiered Compilers, os.version=10.14.1, user.home=/Users/zhouli, user.timezone=Asia/Shanghai, java.awt.printerjob=sun.lwawt.macosx.CPrinterJob, file.encoding=UTF-8, java.specification.version=1.8, java.class.path=/Users/zhouli/mygithub/springtest/Film/target/test-classes:/Users/zhouli/mygithub/springtest/Film/target/classes:/Users/zhouli/.m2/repository/org/springframework/boot/spring-boot-starter-data-jpa/1.5.12.RELEASE/spring-boot-starter-data-jpa-1.5.12.RELEASE.jar:/Users/zhouli/.m2/repository/org/springframework/boot/spring-boot-starter/1.5.12.RELEASE/spring-boot-starter-1.5.12.RELEASE.jar:/Users/zhouli/.m2/repository/org/springframework/boot/spring-boot-starter-logging/1.5.12.RELEASE/spring-boot-starter-logging-1.5.12.RELEASE.jar:/Users/zhouli/.m2/repository/ch/qos/logback/logback-classic/1.1.11/logback-classic-1.1.11.jar:/Users/zhouli/.m2/repository/ch/qos/logback/logback-core/1.1.11/logback-core-1.1.11.jar:/Users/zhouli/.m2/repository/org/slf4j/jul-to-slf4j/1.7.25/jul-to-slf4j-1.7.25.jar:/Users/zhouli/.m2/repository/org/slf4j/log4j-over-slf4j/1.7.25/log4j-over-slf4j-1.7.25.jar:/Users/zhouli/.m2/repository/org/yaml/snakeyaml/1.17/snakeyaml-1.17.jar:/Users/zhouli/.m2/repository/org/springframework/boot/spring-boot-starter-aop/1.5.12.RELEASE/spring-boot-starter-aop-1.5.12.RELEASE.jar:/Users/zhouli/.m2/repository/org/aspectj/aspectjweaver/1.8.13/aspectjweaver-1.8.13.jar:/Users/zhouli/.m2/repository/org/springframework/boot/spring-boot-starter-jdbc/1.5.12.RELEASE/spring-boot-starter-jdbc-1.5.12.RELEASE.jar:/Users/zhouli/.m2/repository/org/apache/tomcat/tomcat-jdbc/8.5.29/tomcat-jdbc-8.5.29.jar:/Users/zhouli/.m2/repository/org/apache/tomcat/tomcat-juli/8.5.29/tomcat-juli-8.5.29.jar:/Users/zhouli/.m2/repository/org/springframework/spring-jdbc/4.3.16.RELEASE/spring-jdbc-4.3.16.RELEASE.jar:/Users/zhouli/.m2/repository/org/hibernate/hibernate-core/5.0.12.Final/hibernate-core-5.0.12.Final.jar:/Users/zhouli/.m2/repository/org/jboss/logging/jboss-logging/3.3.2.Final/jboss-logging-3.3.2.Final.jar:/Users/zhouli/.m2/repository/org/hibernate/javax/persistence/hibernate-jpa-2.1-api/1.0.0.Final/hibernate-jpa-2.1-api-1.0.0.Final.jar:/Users/zhouli/.m2/repository/org/javassist/javassist/3.21.0-GA/javassist-3.21.0-GA.jar:/Users/zhouli/.m2/repository/antlr/antlr/2.7.7/antlr-2.7.7.jar:/Users/zhouli/.m2/repository/org/jboss/jandex/2.0.0.Final/jandex-2.0.0.Final.jar:/Users/zhouli/.m2/repository/dom4j/dom4j/1.6.1/dom4j-1.6.1.jar:/Users/zhouli/.m2/repository/org/hibernate/common/hibernate-commons-annotations/5.0.1.Final/hibernate-commons-annotations-5.0.1.Final.jar:/Users/zhouli/.m2/repository/org/hibernate/hibernate-entitymanager/5.0.12.Final/hibernate-entitymanager-5.0.12.Final.jar:/Users/zhouli/.m2/repository/javax/transaction/javax.transaction-api/1.2/javax.transaction-api-1.2.jar:/Users/zhouli/.m2/repository/org/springframework/data/spring-data-jpa/1.11.11.RELEASE/spring-data-jpa-1.11.11.RELEASE.jar:/Users/zhouli/.m2/repository/org/springframework/data/spring-data-commons/1.13.11.RELEASE/spring-data-commons-1.13.11.RELEASE.jar:/Users/zhouli/.m2/repository/org/springframework/spring-orm/4.3.16.RELEASE/spring-orm-4.3.16.RELEASE.jar:/Users/zhouli/.m2/repository/org/springframework/spring-context/4.3.16.RELEASE/spring-context-4.3.16.RELEASE.jar:/Users/zhouli/.m2/repository/org/springframework/spring-tx/4.3.16.RELEASE/spring-tx-4.3.16.RELEASE.jar:/Users/zhouli/.m2/repository/org/springframework/spring-beans/4.3.16.RELEASE/spring-beans-4.3.16.RELEASE.jar:/Users/zhouli/.m2/repository/org/slf4j/slf4j-api/1.7.25/slf4j-api-1.7.25.jar:/Users/zhouli/.m2/repository/org/slf4j/jcl-over-slf4j/1.7.25/jcl-over-slf4j-1.7.25.jar:/Users/zhouli/.m2/repository/org/springframework/spring-aspects/4.3.16.RELEASE/spring-aspects-4.3.16.RELEASE.jar:/Users/zhouli/.m2/repository/org/springframework/boot/spring-boot-starter-security/1.5.12.RELEASE/spring-boot-starter-security-1.5.12.RELEASE.jar:/Users/zhouli/.m2/repository/org/springframework/spring-aop/4.3.16.RELEASE/spring-aop-4.3.16.RELEASE.jar:/Users/zhouli/.m2/repository/org/springframework/security/spring-security-config/4.2.5.RELEASE/spring-security-config-4.2.5.RELEASE.jar:/Users/zhouli/.m2/repository/org/springframework/security/spring-security-web/4.2.5.RELEASE/spring-security-web-4.2.5.RELEASE.jar:/Users/zhouli/.m2/repository/org/springframework/spring-expression/4.3.16.RELEASE/spring-expression-4.3.16.RELEASE.jar:/Users/zhouli/.m2/repository/org/springframework/boot/spring-boot-starter-thymeleaf/1.5.12.RELEASE/spring-boot-starter-thymeleaf-1.5.12.RELEASE.jar:/Users/zhouli/.m2/repository/org/thymeleaf/thymeleaf-spring4/2.1.6.RELEASE/thymeleaf-spring4-2.1.6.RELEASE.jar:/Users/zhouli/.m2/repository/org/thymeleaf/thymeleaf/2.1.6.RELEASE/thymeleaf-2.1.6.RELEASE.jar:/Users/zhouli/.m2/repository/ognl/ognl/3.0.8/ognl-3.0.8.jar:/Users/zhouli/.m2/repository/org/unbescape/unbescape/1.1.0.RELEASE/unbescape-1.1.0.RELEASE.jar:/Users/zhouli/.m2/repository/nz/net/ultraq/thymeleaf/thymeleaf-layout-dialect/1.4.0/thymeleaf-layout-dialect-1.4.0.jar:/Users/zhouli/.m2/repository/org/codehaus/groovy/groovy/2.4.15/groovy-2.4.15.jar:/Users/zhouli/.m2/repository/org/springframework/boot/spring-boot-starter-web/1.5.12.RELEASE/spring-boot-starter-web-1.5.12.RELEASE.jar:/Users/zhouli/.m2/repository/org/springframework/boot/spring-boot-starter-tomcat/1.5.12.RELEASE/spring-boot-starter-tomcat-1.5.12.RELEASE.jar:/Users/zhouli/.m2/repository/org/apache/tomcat/embed/tomcat-embed-core/8.5.29/tomcat-embed-core-8.5.29.jar:/Users/zhouli/.m2/repository/org/apache/tomcat/tomcat-annotations-api/8.5.29/tomcat-annotations-api-8.5.29.jar:/Users/zhouli/.m2/repository/org/apache/tomcat/embed/tomcat-embed-el/8.5.29/tomcat-embed-el-8.5.29.jar:/Users/zhouli/.m2/repository/org/apache/tomcat/embed/tomcat-embed-websocket/8.5.29/tomcat-embed-websocket-8.5.29.jar:/Users/zhouli/.m2/repository/org/hibernate/hibernate-validator/5.3.6.Final/hibernate-validator-5.3.6.Final.jar:/Users/zhouli/.m2/repository/javax/validation/validation-api/1.1.0.Final/validation-api-1.1.0.Final.jar:/Users/zhouli/.m2/repository/com/fasterxml/classmate/1.3.4/classmate-1.3.4.jar:/Users/zhouli/.m2/repository/com/fasterxml/jackson/core/jackson-databind/2.8.11.1/jackson-databind-2.8.11.1.jar:/Users/zhouli/.m2/repository/com/fasterxml/jackson/core/jackson-annotations/2.8.0/jackson-annotations-2.8.0.jar:/Users/zhouli/.m2/repository/com/fasterxml/jackson/core/jackson-core/2.8.11/jackson-core-2.8.11.jar:/Users/zhouli/.m2/repository/org/springframework/spring-web/4.3.16.RELEASE/spring-web-4.3.16.RELEASE.jar:/Users/zhouli/.m2/repository/org/springframework/spring-webmvc/4.3.16.RELEASE/spring-webmvc-4.3.16.RELEASE.jar:/Users/zhouli/.m2/repository/mysql/mysql-connector-java/5.1.46/mysql-connector-java-5.1.46.jar:/Users/zhouli/.m2/repository/org/springframework/boot/spring-boot-starter-test/1.5.12.RELEASE/spring-boot-starter-test-1.5.12.RELEASE.jar:/Users/zhouli/.m2/repository/org/springframework/boot/spring-boot-test/1.5.12.RELEASE/spring-boot-test-1.5.12.RELEASE.jar:/Users/zhouli/.m2/repository/org/springframework/boot/spring-boot-test-autoconfigure/1.5.12.RELEASE/spring-boot-test-autoconfigure-1.5.12.RELEASE.jar:/Users/zhouli/.m2/repository/com/jayway/jsonpath/json-path/2.2.0/json-path-2.2.0.jar:/Users/zhouli/.m2/repository/net/minidev/json-smart/2.2.1/json-smart-2.2.1.jar:/Users/zhouli/.m2/repository/net/minidev/accessors-smart/1.1/accessors-smart-1.1.jar:/Users/zhouli/.m2/repository/org/ow2/asm/asm/5.0.3/asm-5.0.3.jar:/Users/zhouli/.m2/repository/junit/junit/4.12/junit-4.12.jar:/Users/zhouli/.m2/repository/org/assertj/assertj-core/2.6.0/assertj-core-2.6.0.jar:/Users/zhouli/.m2/repository/org/mockito/mockito-core/1.10.19/mockito-core-1.10.19.jar:/Users/zhouli/.m2/repository/org/objenesis/objenesis/2.1/objenesis-2.1.jar:/Users/zhouli/.m2/repository/org/hamcrest/hamcrest-core/1.3/hamcrest-core-1.3.jar:/Users/zhouli/.m2/repository/org/hamcrest/hamcrest-library/1.3/hamcrest-library-1.3.jar:/Users/zhouli/.m2/repository/org/skyscreamer/jsonassert/1.4.0/jsonassert-1.4.0.jar:/Users/zhouli/.m2/repository/com/vaadin/external/google/android-json/0.0.20131108.vaadin1/android-json-0.0.20131108.vaadin1.jar:/Users/zhouli/.m2/repository/org/springframework/spring-core/4.3.16.RELEASE/spring-core-4.3.16.RELEASE.jar:/Users/zhouli/.m2/repository/org/springframework/spring-test/4.3.16.RELEASE/spring-test-4.3.16.RELEASE.jar:/Users/zhouli/.m2/repository/org/springframework/security/spring-security-test/4.2.5.RELEASE/spring-security-test-4.2.5.RELEASE.jar:/Users/zhouli/.m2/repository/org/springframework/security/spring-security-core/4.2.5.RELEASE/spring-security-core-4.2.5.RELEASE.jar:/Users/zhouli/.m2/repository/aopalliance/aopalliance/1.0/aopalliance-1.0.jar:/Users/zhouli/.m2/repository/org/springframework/boot/spring-boot-configuration-processor/1.5.12.RELEASE/spring-boot-configuration-processor-1.5.12.RELEASE.jar:/Users/zhouli/.m2/repository/org/springframework/boot/spring-boot-devtools/1.5.12.RELEASE/spring-boot-devtools-1.5.12.RELEASE.jar:/Users/zhouli/.m2/repository/org/springframework/boot/spring-boot/1.5.12.RELEASE/spring-boot-1.5.12.RELEASE.jar:/Users/zhouli/.m2/repository/org/springframework/boot/spring-boot-autoconfigure/1.5.12.RELEASE/spring-boot-autoconfigure-1.5.12.RELEASE.jar:/Users/zhouli/.m2/repository/commons-io/commons-io/2.4/commons-io-2.4.jar:, user.name=zhouli, java.vm.specification.version=1.8, sun.java.command=/Users/zhouli/mygithub/springtest/Film/target/surefire/surefirebooter3084578879316699975.jar /Users/zhouli/mygithub/springtest/Film/target/surefire/surefire1863536420182820630tmp /Users/zhouli/mygithub/springtest/Film/target/surefire/surefire_07146009219444381470tmp, java.home=/Library/Java/JavaVirtualMachines/jdk1.8.0_40.jdk/Contents/Home/jre, sun.arch.data.model=64, user.language=zh, java.specification.vendor=Oracle Corporation, awt.toolkit=sun.lwawt.macosx.LWCToolkit, java.vm.info=mixed mode, java.version=1.8.0_40, java.ext.dirs=/Users/zhouli/Library/Java/Extensions:/Library/Java/JavaVirtualMachines/jdk1.8.0_40.jdk/Contents/Home/jre/lib/ext:/Library/Java/Extensions:/Network/Library/Java/Extensions:/System/Library/Java/Extensions:/usr/lib/java, sun.boot.class.path=/Library/Java/JavaVirtualMachines/jdk1.8.0_40.jdk/Contents/Home/jre/lib/resources.jar:/Library/Java/JavaVirtualMachines/jdk1.8.0_40.jdk/Contents/Home/jre/lib/rt.jar:/Library/Java/JavaVirtualMachines/jdk1.8.0_40.jdk/Contents/Home/jre/lib/sunrsasign.jar:/Library/Java/JavaVirtualMachines/jdk1.8.0_40.jdk/Contents/Home/jre/lib/jsse.jar:/Library/Java/JavaVirtualMachines/jdk1.8.0_40.jdk/Contents/Home/jre/lib/jce.jar:/Library/Java/JavaVirtualMachines/jdk1.8.0_40.jdk/Contents/Home/jre/lib/charsets.jar:/Library/Java/JavaVirtualMachines/jdk1.8.0_40.jdk/Contents/Home/jre/lib/jfr.jar:/Library/Java/JavaVirtualMachines/jdk1.8.0_40.jdk/Contents/Home/jre/classes, java.vendor=Oracle Corporation, localRepository=/Users/zhouli/.m2/repository, file.separator=/, java.vendor.url.bug=http://bugreport.sun.com/bugreport/, sun.io.unicode.encoding=UnicodeBig, sun.cpu.endian=little, sun.cpu.isalist=}}, SystemEnvironmentPropertySource@1979313356 {name='systemEnvironment', properties={PYENV_SHELL=bash, PATH=/Users/zhouli/.rvm/gems/ruby-2.4.0/bin:/Users/zhouli/.rvm/gems/ruby-2.4.0@global/bin:/Users/zhouli/.rvm/rubies/ruby-2.4.0/bin:/Users/zhouli/workDep/apache-maven-3.5.3/bin:/usr/local/php5-7.0.7-20160526-160257/bin:/Users/zhouli/.nvm/versions/node/v8.0.0/bin:/Users/zhouli/.pyenv/shims:/Users/zhouli/.pyenv/bin:/Library/Frameworks/Python.framework/Versions/3.5/bin:/Users/zhouli/mongodb-osx-x86_64-3.2.3/bin:.:/usr/local/bin:/usr/bin:/bin:/usr/sbin:/sbin:/Library/Java/JavaVirtualMachines/jdk1.8.0_40.jdk/Contents/Home:/Library/Java/JavaVirtualMachines/jdk1.8.0_40.jdk/Contents/Home/bin:/usr/local/mysql/bin:/Users/zhouli/workDep/apache-ant-1.10.1/bin:/Users/zhouli/Library/Android/sdk:/Users/zhouli/Library/Android/sdk/tools:/Users/zhouli/Library/Android/sdk/platform-tools:/Users/zhouli/workDep/gradle/3.4.1/bin:/usr/local/share/scala-2.12.2/bin:/Users/zhouli/.rvm/bin, IRBRC=/Users/zhouli/.rvm/rubies/ruby-2.4.0/.irbrc, JAVA_MAIN_CLASS_1264=org.apache.maven.surefire.booter.ForkedBooter, ANDROID_HOME=/Users/zhouli/Library/Android/sdk, LOGNAME=zhouli, rvm_version=1.29.2 (latest), PWD=/Users/zhouli/mygithub/springtest/Film, NVM_CD_FLAGS=, SHELL=/bin/bash, NVM_PATH=/Users/zhouli/.nvm/versions/node/v8.0.0/lib/node, MY_RUBY_HOME=/Users/zhouli/.rvm/rubies/ruby-2.4.0, PYENV_ROOT=/Users/zhouli/.pyenv, OLDPWD=/Users/zhouli/mygithub/springtest/Film, GEM_HOME=/Users/zhouli/.rvm/gems/ruby-2.4.0, rvm_path=/Users/zhouli/.rvm, TMPDIR=/var/folders/hd/0yj0bj5d31g0nxdx2gqtksbc0000gn/T/, RUBY_VERSION=ruby-2.4.0, XPC_FLAGS=0x0, _system_name=OSX, NVM_IOJS_ORG_MIRROR=https://iojs.org/dist, M2_HOME=/Users/zhouli/workDep/apache-maven-3.5.3, __CF_USER_TEXT_ENCODING=0x1F5:0x19:0x34, Apple_PubSub_Socket_Render=/private/tmp/com.apple.launchd.htPQwrbpix/Render, LC_CTYPE=zh_CN.UTF-8, SHLVL=2, JAVA_ARCH=x86_64, JAVA_MAIN_CLASS_1240=org.codehaus.plexus.classworlds.launcher.Launcher, _system_arch=x86_64, MANPATH=/Users/zhouli/.nvm/versions/node/v8.0.0/share/man:/Library/Frameworks/Python.framework/Versions/3.5/share/man:/usr/local/share/man:/usr/share/man:/Library/Java/JavaVirtualMachines/jdk1.8.0_40.jdk/Contents/Home/man:/Library/Developer/CommandLineTools/usr/share/man, rvm_bin_path=/Users/zhouli/.rvm/bin, TERM=xterm-256color, rvm_prefix=/Users/zhouli, ANDROID_TOOLS=/Users/zhouli/Library/Android/sdk/tools, GRADLE_HOME=/Users/zhouli/workDep/gradle/3.4.1, ANDROID_PLATFORM_TOOLS=/Users/zhouli/Library/Android/sdk/platform-tools, ANT_HOME=/Users/zhouli/workDep/apache-ant-1.10.1, NVM_NODEJS_ORG_MIRROR=https://nodejs.org/dist, XPC_SERVICE_NAME=0, MAVEN_CMD_LINE_ARGS= clean package, _=/Library/Java/JavaVirtualMachines/jdk1.8.0_40.jdk/Contents/Home/jre/bin/java, NVM_DIR=/Users/zhouli/.nvm, _system_type=Darwin, MAVEN_PROJECTBASEDIR=/Users/zhouli/mygithub/springtest/Film, _system_version=10.14, USER=zhouli, SSH_AUTH_SOCK=/private/tmp/com.apple.launchd.eyPqB6GtdD/Listeners, GEM_PATH=/Users/zhouli/.rvm/gems/ruby-2.4.0:/Users/zhouli/.rvm/gems/ruby-2.4.0@global, com.apple.java.jvmTask=CommandLine, NVM_BIN=/Users/zhouli/.nvm/versions/node/v8.0.0/bin, HOME=/Users/zhouli}}]
16:47:58.079 [main] INFO org.springframework.boot.test.context.SpringBootTestContextBootstrapper - Found @SpringBootConfiguration com.vole.film.FilmApplication for test class com.vole.film.FilmApplicationTests
16:47:58.093 [main] DEBUG org.springframework.boot.test.context.SpringBootTestContextBootstrapper - @TestExecutionListeners is not present for class [com.vole.film.FilmApplicationTests]: using defaults.
16:47:58.119 [main] INFO org.springframework.boot.test.context.SpringBootTestContextBootstrapper - Loaded default TestExecutionListener class names from location [META-INF/spring.factories]: [org.springframework.boot.test.mock.mockito.MockitoTestExecutionListener, org.springframework.boot.test.mock.mockito.ResetMocksTestExecutionListener, org.springframework.boot.test.autoconfigure.restdocs.RestDocsTestExecutionListener, org.springframework.boot.test.autoconfigure.web.client.MockRestServiceServerResetTestExecutionListener, org.springframework.boot.test.autoconfigure.web.servlet.MockMvcPrintOnlyOnFailureTestExecutionListener, org.springframework.boot.test.autoconfigure.web.servlet.WebDriverTestExecutionListener, org.springframework.test.context.web.ServletTestExecutionListener, org.springframework.test.context.support.DirtiesContextBeforeModesTestExecutionListener, org.springframework.test.context.support.DependencyInjectionTestExecutionListener, org.springframework.test.context.support.DirtiesContextTestExecutionListener, org.springframework.test.context.transaction.TransactionalTestExecutionListener, org.springframework.test.context.jdbc.SqlScriptsTestExecutionListener, org.springframework.security.test.context.support.WithSecurityContextTestExecutionListener]
16:47:58.144 [main] INFO org.springframework.boot.test.context.SpringBootTestContextBootstrapper - Using TestExecutionListeners: [org.springframework.test.context.web.ServletTestExecutionListener@358c99f5, org.springframework.test.context.support.DirtiesContextBeforeModesTestExecutionListener@3ee0fea4, org.springframework.boot.test.mock.mockito.MockitoTestExecutionListener@48524010, org.springframework.boot.test.autoconfigure.SpringBootDependencyInjectionTestExecutionListener@4b168fa9, org.springframework.test.context.support.DirtiesContextTestExecutionListener@1a84f40f, org.springframework.test.context.transaction.TransactionalTestExecutionListener@23282c25, org.springframework.test.context.jdbc.SqlScriptsTestExecutionListener@7920ba90, org.springframework.security.test.context.support.WithSecurityContextTestExecutionListener@6b419da, org.springframework.boot.test.mock.mockito.ResetMocksTestExecutionListener@3b2da18f, org.springframework.boot.test.autoconfigure.restdocs.RestDocsTestExecutionListener@5906ebcb, org.springframework.boot.test.autoconfigure.web.client.MockRestServiceServerResetTestExecutionListener@258e2e41, org.springframework.boot.test.autoconfigure.web.servlet.MockMvcPrintOnlyOnFailureTestExecutionListener@3d299e3, org.springframework.boot.test.autoconfigure.web.servlet.WebDriverTestExecutionListener@55a561cf]
16:47:58.145 [main] DEBUG org.springframework.test.annotation.ProfileValueUtils - Retrieved @ProfileValueSourceConfiguration [null] for test class [com.vole.film.FilmApplicationTests]
16:47:58.149 [main] DEBUG org.springframework.test.annotation.ProfileValueUtils - Retrieved ProfileValueSource type [class org.springframework.test.annotation.SystemProfileValueSource] for class [com.vole.film.FilmApplicationTests]
16:47:58.151 [main] DEBUG org.springframework.test.annotation.ProfileValueUtils - Retrieved @ProfileValueSourceConfiguration [null] for test class [com.vole.film.FilmApplicationTests]
16:47:58.151 [main] DEBUG org.springframework.test.annotation.ProfileValueUtils - Retrieved ProfileValueSource type [class org.springframework.test.annotation.SystemProfileValueSource] for class [com.vole.film.FilmApplicationTests]
16:47:58.161 [main] DEBUG org.springframework.test.context.support.AbstractDirtiesContextTestExecutionListener - Before test class: context [DefaultTestContext@3e3047e6 testClass = FilmApplicationTests, testInstance = [null], testMethod = [null], testException = [null], mergedContextConfiguration = [WebMergedContextConfiguration@37e547da testClass = FilmApplicationTests, locations = '{}', classes = '{class com.vole.film.FilmApplication}', contextInitializerClasses = '[]', activeProfiles = '{}', propertySourceLocations = '{}', propertySourceProperties = '{org.springframework.boot.test.context.SpringBootTestContextBootstrapper=true}', contextCustomizers = set[org.springframework.boot.test.context.SpringBootTestContextCustomizer@3d99d22e, org.springframework.boot.test.context.filter.ExcludeFilterContextCustomizer@3a883ce7, org.springframework.boot.test.json.DuplicateJsonObjectContextCustomizerFactory$DuplicateJsonObjectContextCustomizer@79be0360, org.springframework.boot.test.mock.mockito.MockitoContextCustomizer@0, org.springframework.boot.test.autoconfigure.properties.PropertyMappingContextCustomizer@0, org.springframework.boot.test.autoconfigure.web.servlet.WebDriverContextCustomizerFactory$Customizer@184f6be2], resourceBasePath = 'src/main/webapp', contextLoader = 'org.springframework.boot.test.context.SpringBootContextLoader', parent = [null]]], class annotated with @DirtiesContext [false] with mode [null].
16:47:58.163 [main] DEBUG org.springframework.test.annotation.ProfileValueUtils - Retrieved @ProfileValueSourceConfiguration [null] for test class [com.vole.film.FilmApplicationTests]
16:47:58.163 [main] DEBUG org.springframework.test.annotation.ProfileValueUtils - Retrieved ProfileValueSource type [class org.springframework.test.annotation.SystemProfileValueSource] for class [com.vole.film.FilmApplicationTests]
16:47:58.316 [main] DEBUG org.springframework.core.env.StandardEnvironment - Adding PropertySource 'systemProperties' with lowest search precedence
16:47:58.316 [main] DEBUG org.springframework.core.env.StandardEnvironment - Adding PropertySource 'systemEnvironment' with lowest search precedence
16:47:58.316 [main] DEBUG org.springframework.core.env.StandardEnvironment - Initialized StandardEnvironment with PropertySources [MapPropertySource@1233990028 {name='systemProperties', properties={java.runtime.name=Java(TM) SE Runtime Environment, sun.boot.library.path=/Library/Java/JavaVirtualMachines/jdk1.8.0_40.jdk/Contents/Home/jre/lib, java.vm.version=25.40-b25, gopherProxySet=false, java.vm.vendor=Oracle Corporation, java.vendor.url=http://java.oracle.com/, path.separator=:, java.vm.name=Java HotSpot(TM) 64-Bit Server VM, file.encoding.pkg=sun.io, user.country=CN, sun.java.launcher=SUN_STANDARD, sun.os.patch.level=unknown, java.vm.specification.name=Java Virtual Machine Specification, user.dir=/Users/zhouli/mygithub/springtest/Film, java.runtime.version=1.8.0_40-b27, basedir=/Users/zhouli/mygithub/springtest/Film, java.awt.graphicsenv=sun.awt.CGraphicsEnvironment, java.endorsed.dirs=/Library/Java/JavaVirtualMachines/jdk1.8.0_40.jdk/Contents/Home/jre/lib/endorsed, os.arch=x86_64, surefire.real.class.path=/Users/zhouli/mygithub/springtest/Film/target/surefire/surefirebooter3084578879316699975.jar, java.io.tmpdir=/var/folders/hd/0yj0bj5d31g0nxdx2gqtksbc0000gn/T/, line.separator=
[...]
2019-01-13 16:48:09.242  INFO 1264 --- [           main] s.w.s.m.m.a.RequestMappingHandlerMapping : Mapped "{[/admin/webSiteInfo/list]}" onto public java.util.Map<java.lang.String, java.lang.Object> com.vole.film.controller.admin.WebSiteInfoAdminController.list(com.vole.film.entity.WebSiteInfo,java.lang.Integer,java.lang.Integer) throws java.lang.Exception
2019-01-13 16:48:09.248  INFO 1264 --- [           main] s.w.s.m.m.a.RequestMappingHandlerMapping : Mapped "{[/admin/webSiteInfo/save]}" onto public java.util.Map<java.lang.String, java.lang.Object> com.vole.film.controller.admin.WebSiteInfoAdminController.save(com.vole.film.entity.WebSiteInfo) throws java.lang.Exception
2019-01-13 16:48:09.250  INFO 1264 --- [           main] s.w.s.m.m.a.RequestMappingHandlerMapping : Mapped "{[/error]}" onto public org.springframework.http.ResponseEntity<java.util.Map<java.lang.String, java.lang.Object>> org.springframework.boot.autoconfigure.web.BasicErrorController.error(javax.servlet.http.HttpServletRequest)
2019-01-13 16:48:09.253  INFO 1264 --- [           main] s.w.s.m.m.a.RequestMappingHandlerMapping : Mapped "{[/error],produces=[text/html]}" onto public org.springframework.web.servlet.ModelAndView org.springframework.boot.autoconfigure.web.BasicErrorController.errorHtml(javax.servlet.http.HttpServletRequest,javax.servlet.http.HttpServletResponse)
2019-01-13 16:48:09.434  INFO 1264 --- [           main] o.s.w.s.handler.SimpleUrlHandlerMapping  : Mapped URL path [/webjars/**] onto handler of type [class org.springframework.web.servlet.resource.ResourceHttpRequestHandler]
2019-01-13 16:48:09.434  INFO 1264 --- [           main] o.s.w.s.handler.SimpleUrlHandlerMapping  : Mapped URL path [/**] onto handler of type [class org.springframework.web.servlet.resource.ResourceHttpRequestHandler]
2019-01-13 16:48:09.586  INFO 1264 --- [           main] o.s.w.s.handler.SimpleUrlHandlerMapping  : Mapped URL path [/**/favicon.ico] onto handler of type [class org.springframework.web.servlet.resource.ResourceHttpRequestHandler]
2019-01-13 16:48:10.881  INFO 1264 --- [           main] b.a.s.AuthenticationManagerConfiguration : 

Using default security password: 827b8e80-166b-4ff0-a1ff-e0a0fa421599

2019-01-13 16:48:10.893  INFO 1264 --- [           main] o.s.s.web.DefaultSecurityFilterChain     : Creating filter chain: OrRequestMatcher [requestMatchers=[Ant [pattern='/css/**'], Ant [pattern='/js/**'], Ant [pattern='/images/**'], Ant [pattern='/webjars/**'], Ant [pattern='/**/favicon.ico'], Ant [pattern='/error']]], []
2019-01-13 16:48:11.047  INFO 1264 --- [           main] o.s.s.web.DefaultSecurityFilterChain     : Creating filter chain: org.springframework.security.web.util.matcher.AnyRequestMatcher@1, [org.springframework.security.web.context.request.async.WebAsyncManagerIntegrationFilter@4ffe3d42, org.springframework.security.web.context.SecurityContextPersistenceFilter@1f48fa72, org.springframework.security.web.authentication.logout.LogoutFilter@f3876ef, org.springframework.security.web.authentication.UsernamePasswordAuthenticationFilter@75a9cc24, org.springframework.security.web.savedrequest.RequestCacheAwareFilter@495da9a7, org.springframework.security.web.servletapi.SecurityContextHolderAwareRequestFilter@35becbd4, org.springframework.security.web.authentication.AnonymousAuthenticationFilter@6cd7f381, org.springframework.security.web.session.SessionManagementFilter@60194904, org.springframework.security.web.access.ExceptionTranslationFilter@2ce47652, org.springframework.security.web.access.intercept.FilterSecurityInterceptor@304744a1]
2019-01-13 16:48:11.132  INFO 1264 --- [           main] o.s.s.web.DefaultSecurityFilterChain     : Creating filter chain: OrRequestMatcher [requestMatchers=[Ant [pattern='/**']]], [org.springframework.security.web.context.request.async.WebAsyncManagerIntegrationFilter@5b0e9e0c, org.springframework.security.web.context.SecurityContextPersistenceFilter@50f3ba6a, org.springframework.security.web.header.HeaderWriterFilter@67c0c90b, org.springframework.security.web.authentication.logout.LogoutFilter@2be50bba, org.springframework.security.web.authentication.www.BasicAuthenticationFilter@3514ac7d, org.springframework.security.web.savedrequest.RequestCacheAwareFilter@319aa9ee, org.springframework.security.web.servletapi.SecurityContextHolderAwareRequestFilter@1d806de6, org.springframework.security.web.authentication.AnonymousAuthenticationFilter@54234569, org.springframework.security.web.session.SessionManagementFilter@35454c7a, org.springframework.security.web.access.ExceptionTranslationFilter@1a0ffb9b, org.springframework.security.web.access.intercept.FilterSecurityInterceptor@216328b2]
2019-01-13 16:48:11.723  INFO 1264 --- [           main] o.h.h.i.QueryTranslatorFactoryInitiator  : HHH000397: Using ASTQueryTranslatorFactory
Hibernate: select websiteinf0_.id as id1_1_, websiteinf0_.film_id as film_id5_1_, websiteinf0_.info as info2_1_, websiteinf0_.publish_date as publish_3_1_, websiteinf0_.url as url4_1_, websiteinf0_.web_site_id as web_site6_1_ from t_info websiteinf0_ where 1=1 order by websiteinf0_.publish_date desc limit ?
Hibernate: select film0_.id as id1_0_0_, film0_.content as content2_0_0_, film0_.hot as hot3_0_0_, film0_.image_name as image_na4_0_0_, film0_.name as name5_0_0_, film0_.publish_date as publish_6_0_0_, film0_.title as title7_0_0_ from t_film film0_ where film0_.id=?
Hibernate: select website0_.id as id1_3_0_, website0_.name as name2_3_0_, website0_.url as url3_3_0_ from t_web_site website0_ where website0_.id=?
Hibernate: select film0_.id as id1_0_0_, film0_.content as content2_0_0_, film0_.hot as hot3_0_0_, film0_.image_name as image_na4_0_0_, film0_.name as name5_0_0_, film0_.publish_date as publish_6_0_0_, film0_.title as title7_0_0_ from t_film film0_ where film0_.id=?
Hibernate: select website0_.id as id1_3_0_, website0_.name as name2_3_0_, website0_.url as url3_3_0_ from t_web_site website0_ where website0_.id=?
Hibernate: select film0_.id as id1_0_0_, film0_.content as content2_0_0_, film0_.hot as hot3_0_0_, film0_.image_name as image_na4_0_0_, film0_.name as name5_0_0_, film0_.publish_date as publish_6_0_0_, film0_.title as title7_0_0_ from t_film film0_ where film0_.id=?
Hibernate: select film0_.id as id1_0_0_, film0_.content as content2_0_0_, film0_.hot as hot3_0_0_, film0_.image_name as image_na4_0_0_, film0_.name as name5_0_0_, film0_.publish_date as publish_6_0_0_, film0_.title as title7_0_0_ from t_film film0_ where film0_.id=?
Hibernate: select film0_.id as id1_0_0_, film0_.content as content2_0_0_, film0_.hot as hot3_0_0_, film0_.image_name as image_na4_0_0_, film0_.name as name5_0_0_, film0_.publish_date as publish_6_0_0_, film0_.title as title7_0_0_ from t_film film0_ where film0_.id=?
Hibernate: select film0_.id as id1_0_0_, film0_.content as content2_0_0_, film0_.hot as hot3_0_0_, film0_.image_name as image_na4_0_0_, film0_.name as name5_0_0_, film0_.publish_date as publish_6_0_0_, film0_.title as title7_0_0_ from t_film film0_ where film0_.id=?
Hibernate: select film0_.id as id1_0_0_, film0_.content as content2_0_0_, film0_.hot as hot3_0_0_, film0_.image_name as image_na4_0_0_, film0_.name as name5_0_0_, film0_.publish_date as publish_6_0_0_, film0_.title as title7_0_0_ from t_film film0_ where film0_.id=?
Hibernate: select film0_.id as id1_0_0_, film0_.content as content2_0_0_, film0_.hot as hot3_0_0_, film0_.image_name as image_na4_0_0_, film0_.name as name5_0_0_, film0_.publish_date as publish_6_0_0_, film0_.title as title7_0_0_ from t_film film0_ where film0_.id=?
Hibernate: select film0_.id as id1_0_0_, film0_.content as content2_0_0_, film0_.hot as hot3_0_0_, film0_.image_name as image_na4_0_0_, film0_.name as name5_0_0_, film0_.publish_date as publish_6_0_0_, film0_.title as title7_0_0_ from t_film film0_ where film0_.id=?
Hibernate: select film0_.id as id1_0_0_, film0_.content as content2_0_0_, film0_.hot as hot3_0_0_, film0_.image_name as image_na4_0_0_, film0_.name as name5_0_0_, film0_.publish_date as publish_6_0_0_, film0_.title as title7_0_0_ from t_film film0_ where film0_.id=?
Hibernate: select count(websiteinf0_.id) as col_0_0_ from t_info websiteinf0_ where 1=1
2019-01-13 16:48:12.261  INFO 1264 --- [           main] utoConfigurationReportLoggingInitializer : 

Error starting ApplicationContext. To display the auto-configuration report re-run your application with 'debug' enabled.
2019-01-13 16:48:12.336 ERROR 1264 --- [           main] o.s.boot.SpringApplication               : Application startup failed

java.lang.IllegalStateException: Failed to execute CommandLineRunner
	at org.springframework.boot.SpringApplication.callRunner(SpringApplication.java:735) ~[spring-boot-1.5.12.RELEASE.jar:1.5.12.RELEASE]
	at org.springframework.boot.SpringApplication.callRunners(SpringApplication.java:716) ~[spring-boot-1.5.12.RELEASE.jar:1.5.12.RELEASE]
	at org.springframework.boot.SpringApplication.afterRefresh(SpringApplication.java:703) ~[spring-boot-1.5.12.RELEASE.jar:1.5.12.RELEASE]
	at org.springframework.boot.SpringApplication.run(SpringApplication.java:304) ~[spring-boot-1.5.12.RELEASE.jar:1.5.12.RELEASE]
	at org.springframework.boot.test.context.SpringBootContextLoader.loadContext(SpringBootContextLoader.java:120) [spring-boot-test-1.5.12.RELEASE.jar:1.5.12.RELEASE]
	at org.springframework.test.context.cache.DefaultCacheAwareContextLoaderDelegate.loadContextInternal(DefaultCacheAwareContextLoaderDelegate.java:98) [spring-test-4.3.16.RELEASE.jar:4.3.16.RELEASE]
	at org.springframework.test.context.cache.DefaultCacheAwareContextLoaderDelegate.loadContext(DefaultCacheAwareContextLoaderDelegate.java:116) [spring-test-4.3.16.RELEASE.jar:4.3.16.RELEASE]
	at org.springframework.test.context.support.DefaultTestContext.getApplicationContext(DefaultTestContext.java:83) [spring-test-4.3.16.RELEASE.jar:4.3.16.RELEASE]
	at org.springframework.test.context.web.ServletTestExecutionListener.setUpRequestContextIfNecessary(ServletTestExecutionListener.java:189) [spring-test-4.3.16.RELEASE.jar:4.3.16.RELEASE]
	at org.springframework.test.context.web.ServletTestExecutionListener.prepareTestInstance(ServletTestExecutionListener.java:131) [spring-test-4.3.16.RELEASE.jar:4.3.16.RELEASE]
	at org.springframework.test.context.TestContextManager.prepareTestInstance(TestContextManager.java:230) [spring-test-4.3.16.RELEASE.jar:4.3.16.RELEASE]
	at org.springframework.test.context.junit4.SpringJUnit4ClassRunner.createTest(SpringJUnit4ClassRunner.java:228) [spring-test-4.3.16.RELEASE.jar:4.3.16.RELEASE]
	at org.springframework.test.context.junit4.SpringJUnit4ClassRunner$1.runReflectiveCall(SpringJUnit4ClassRunner.java:287) [spring-test-4.3.16.RELEASE.jar:4.3.16.RELEASE]
	at org.junit.internal.runners.model.ReflectiveCallable.run(ReflectiveCallable.java:12) [junit-4.12.jar:4.12]
	at org.springframework.test.context.junit4.SpringJUnit4ClassRunner.methodBlock(SpringJUnit4ClassRunner.java:289) [spring-test-4.3.16.RELEASE.jar:4.3.16.RELEASE]
	at org.springframework.test.context.junit4.SpringJUnit4ClassRunner.runChild(SpringJUnit4ClassRunner.java:247) [spring-test-4.3.16.RELEASE.jar:4.3.16.RELEASE]
	at org.springframework.test.context.junit4.SpringJUnit4ClassRunner.runChild(SpringJUnit4ClassRunner.java:94) [spring-test-4.3.16.RELEASE.jar:4.3.16.RELEASE]
	at org.junit.runners.ParentRunner$3.run(ParentRunner.java:290) [junit-4.12.jar:4.12]
	at org.junit.runners.ParentRunner$1.schedule(ParentRunner.java:71) [junit-4.12.jar:4.12]
	at org.junit.runners.ParentRunner.runChildren(ParentRunner.java:288) [junit-4.12.jar:4.12]
	at org.junit.runners.ParentRunner.access$000(ParentRunner.java:58) [junit-4.12.jar:4.12]
	at org.junit.runners.ParentRunner$2.evaluate(ParentRunner.java:268) [junit-4.12.jar:4.12]
	at org.springframework.test.context.junit4.statements.RunBeforeTestClassCallbacks.evaluate(RunBeforeTestClassCallbacks.java:61) [spring-test-4.3.16.RELEASE.jar:4.3.16.RELEASE]
	at org.springframework.test.context.junit4.statements.RunAfterTestClassCallbacks.evaluate(RunAfterTestClassCallbacks.java:70) [spring-test-4.3.16.RELEASE.jar:4.3.16.RELEASE]
	at org.junit.runners.ParentRunner.run(ParentRunner.java:363) [junit-4.12.jar:4.12]
	at org.springframework.test.context.junit4.SpringJUnit4ClassRunner.run(SpringJUnit4ClassRunner.java:191) [spring-test-4.3.16.RELEASE.jar:4.3.16.RELEASE]
	at org.apache.maven.surefire.junit4.JUnit4Provider.execute(JUnit4Provider.java:283) [surefire-junit4-2.18.1.jar:2.18.1]
	at org.apache.maven.surefire.junit4.JUnit4Provider.executeWithRerun(JUnit4Provider.java:173) [surefire-junit4-2.18.1.jar:2.18.1]
	at org.apache.maven.surefire.junit4.JUnit4Provider.executeTestSet(JUnit4Provider.java:153) [surefire-junit4-2.18.1.jar:2.18.1]
	at org.apache.maven.surefire.junit4.JUnit4Provider.invoke(JUnit4Provider.java:128) [surefire-junit4-2.18.1.jar:2.18.1]
	at org.apache.maven.surefire.booter.ForkedBooter.invokeProviderInSameClassLoader(ForkedBooter.java:203) [surefire-booter-2.18.1.jar:2.18.1]
	at org.apache.maven.surefire.booter.ForkedBooter.runSuitesInProcess(ForkedBooter.java:155) [surefire-booter-2.18.1.jar:2.18.1]
	at org.apache.maven.surefire.booter.ForkedBooter.main(ForkedBooter.java:103) [surefire-booter-2.18.1.jar:2.18.1]
Caused by: java.lang.NullPointerException: null
	at com.vole.film.run.StartupRunner.loadData(StartupRunner.java:58) ~[classes/:na]
	at com.vole.film.run.StartupRunner.run(StartupRunner.java:51) ~[classes/:na]
	at org.springframework.boot.SpringApplication.callRunner(SpringApplication.java:732) ~[spring-boot-1.5.12.RELEASE.jar:1.5.12.RELEASE]
	... 32 common frames omitted

2019-01-13 16:48:12.339  INFO 1264 --- [           main] o.s.w.c.s.GenericWebApplicationContext   : Closing org.springframework.web.context.support.GenericWebApplicationContext@55de24cc: startup date [Sun Jan 13 16:47:59 CST 2019]; root of context hierarchy
2019-01-13 16:48:12.356  INFO 1264 --- [           main] j.LocalContainerEntityManagerFactoryBean : Closing JPA EntityManagerFactory for persistence unit 'default'
2019-01-13 16:48:12.386 ERROR 1264 --- [           main] o.s.test.context.TestContextManager      : Caught exception while allowing TestExecutionListener [org.springframework.test.context.web.ServletTestExecutionListener@358c99f5] to prepare test instance [com.vole.film.FilmApplicationTests@377e90b0]

java.lang.IllegalStateException: Failed to load ApplicationContext
	at org.springframework.test.context.cache.DefaultCacheAwareContextLoaderDelegate.loadContext(DefaultCacheAwareContextLoaderDelegate.java:124) ~[spring-test-4.3.16.RELEASE.jar:4.3.16.RELEASE]
	at org.springframework.test.context.support.DefaultTestContext.getApplicationContext(DefaultTestContext.java:83) ~[spring-test-4.3.16.RELEASE.jar:4.3.16.RELEASE]
	at org.springframework.test.context.web.ServletTestExecutionListener.setUpRequestContextIfNecessary(ServletTestExecutionListener.java:189) ~[spring-test-4.3.16.RELEASE.jar:4.3.16.RELEASE]
	at org.springframework.test.context.web.ServletTestExecutionListener.prepareTestInstance(ServletTestExecutionListener.java:131) ~[spring-test-4.3.16.RELEASE.jar:4.3.16.RELEASE]
	at org.springframework.test.context.TestContextManager.prepareTestInstance(TestContextManager.java:230) ~[spring-test-4.3.16.RELEASE.jar:4.3.16.RELEASE]
	at org.springframework.test.context.junit4.SpringJUnit4ClassRunner.createTest(SpringJUnit4ClassRunner.java:228) [spring-test-4.3.16.RELEASE.jar:4.3.16.RELEASE]
	at org.springframework.test.context.junit4.SpringJUnit4ClassRunner$1.runReflectiveCall(SpringJUnit4ClassRunner.java:287) [spring-test-4.3.16.RELEASE.jar:4.3.16.RELEASE]
	at org.junit.internal.runners.model.ReflectiveCallable.run(ReflectiveCallable.java:12) [junit-4.12.jar:4.12]
	at org.springframework.test.context.junit4.SpringJUnit4ClassRunner.methodBlock(SpringJUnit4ClassRunner.java:289) [spring-test-4.3.16.RELEASE.jar:4.3.16.RELEASE]
	at org.springframework.test.context.junit4.SpringJUnit4ClassRunner.runChild(SpringJUnit4ClassRunner.java:247) [spring-test-4.3.16.RELEASE.jar:4.3.16.RELEASE]
	at org.springframework.test.context.junit4.SpringJUnit4ClassRunner.runChild(SpringJUnit4ClassRunner.java:94) [spring-test-4.3.16.RELEASE.jar:4.3.16.RELEASE]
	at org.junit.runners.ParentRunner$3.run(ParentRunner.java:290) [junit-4.12.jar:4.12]
	at org.junit.runners.ParentRunner$1.schedule(ParentRunner.java:71) [junit-4.12.jar:4.12]
	at org.junit.runners.ParentRunner.runChildren(ParentRunner.java:288) [junit-4.12.jar:4.12]
	at org.junit.runners.ParentRunner.access$000(ParentRunner.java:58) [junit-4.12.jar:4.12]
	at org.junit.runners.ParentRunner$2.evaluate(ParentRunner.java:268) [junit-4.12.jar:4.12]
	at org.springframework.test.context.junit4.statements.RunBeforeTestClassCallbacks.evaluate(RunBeforeTestClassCallbacks.java:61) [spring-test-4.3.16.RELEASE.jar:4.3.16.RELEASE]
	at org.springframework.test.context.junit4.statements.RunAfterTestClassCallbacks.evaluate(RunAfterTestClassCallbacks.java:70) [spring-test-4.3.16.RELEASE.jar:4.3.16.RELEASE]
	at org.junit.runners.ParentRunner.run(ParentRunner.java:363) [junit-4.12.jar:4.12]
	at org.springframework.test.context.junit4.SpringJUnit4ClassRunner.run(SpringJUnit4ClassRunner.java:191) [spring-test-4.3.16.RELEASE.jar:4.3.16.RELEASE]
	at org.apache.maven.surefire.junit4.JUnit4Provider.execute(JUnit4Provider.java:283) [surefire-junit4-2.18.1.jar:2.18.1]
	at org.apache.maven.surefire.junit4.JUnit4Provider.executeWithRerun(JUnit4Provider.java:173) [surefire-junit4-2.18.1.jar:2.18.1]
	at org.apache.maven.surefire.junit4.JUnit4Provider.executeTestSet(JUnit4Provider.java:153) [surefire-junit4-2.18.1.jar:2.18.1]
	at org.apache.maven.surefire.junit4.JUnit4Provider.invoke(JUnit4Provider.java:128) [surefire-junit4-2.18.1.jar:2.18.1]
	at org.apache.maven.surefire.booter.ForkedBooter.invokeProviderInSameClassLoader(ForkedBooter.java:203) [surefire-booter-2.18.1.jar:2.18.1]
	at org.apache.maven.surefire.booter.ForkedBooter.runSuitesInProcess(ForkedBooter.java:155) [surefire-booter-2.18.1.jar:2.18.1]
	at org.apache.maven.surefire.booter.ForkedBooter.main(ForkedBooter.java:103) [surefire-booter-2.18.1.jar:2.18.1]
Caused by: java.lang.IllegalStateException: Failed to execute CommandLineRunner
	at org.springframework.boot.SpringApplication.callRunner(SpringApplication.java:735) ~[spring-boot-1.5.12.RELEASE.jar:1.5.12.RELEASE]
	at org.springframework.boot.SpringApplication.callRunners(SpringApplication.java:716) ~[spring-boot-1.5.12.RELEASE.jar:1.5.12.RELEASE]
	at org.springframework.boot.SpringApplication.afterRefresh(SpringApplication.java:703) ~[spring-boot-1.5.12.RELEASE.jar:1.5.12.RELEASE]
	at org.springframework.boot.SpringApplication.run(SpringApplication.java:304) ~[spring-boot-1.5.12.RELEASE.jar:1.5.12.RELEASE]
	at org.springframework.boot.test.context.SpringBootContextLoader.loadContext(SpringBootContextLoader.java:120) ~[spring-boot-test-1.5.12.RELEASE.jar:1.5.12.RELEASE]
	at org.springframework.test.context.cache.DefaultCacheAwareContextLoaderDelegate.loadContextInternal(DefaultCacheAwareContextLoaderDelegate.java:98) ~[spring-test-4.3.16.RELEASE.jar:4.3.16.RELEASE]
	at org.springframework.test.context.cache.DefaultCacheAwareContextLoaderDelegate.loadContext(DefaultCacheAwareContextLoaderDelegate.java:116) ~[spring-test-4.3.16.RELEASE.jar:4.3.16.RELEASE]
	... 26 common frames omitted
Caused by: java.lang.NullPointerException: null
	at com.vole.film.run.StartupRunner.loadData(StartupRunner.java:58) ~[classes/:na]
	at com.vole.film.run.StartupRunner.run(StartupRunner.java:51) ~[classes/:na]
	at org.springframework.boot.SpringApplication.callRunner(SpringApplication.java:732) ~[spring-boot-1.5.12.RELEASE.jar:1.5.12.RELEASE]
	... 32 common frames omitted

]]></system-out>
  </testcase>
</testsuite>